TN:
SF:src/config/cascade_fields.ts
FN:10,isCriticalField
FN:14,getCascadeType
FNF:2
FNH:0
FNDA:0,isCriticalField
FNDA:0,getCascadeType
DA:2,0
DA:10,0
DA:11,0
DA:14,0
DA:15,0
DA:16,0
DA:18,0
LF:7
LH:0
BRDA:16,0,0,0
BRDA:16,0,1,0
BRF:2
BRH:0
end_of_record
TN:
SF:src/config/reportChecklists.ts
FN:682,getChecklistForReportType
FNF:1
FNH:0
FNDA:0,getChecklistForReportType
DA:11,0
DA:172,0
DA:313,0
DA:436,0
DA:558,0
DA:673,0
DA:682,0
DA:683,0
LF:8
LH:0
BRDA:683,0,0,0
BRDA:683,0,1,0
BRF:2
BRH:0
end_of_record
TN:
SF:src/controllers/auth.controller.ts
FN:12,(anonymous_1)
FN:37,(anonymous_2)
FN:65,(anonymous_3)
FN:92,(anonymous_4)
FN:105,(anonymous_5)
FN:118,(anonymous_6)
FNF:6
FNH:0
FNDA:0,(anonymous_1)
FNDA:0,(anonymous_2)
FNDA:0,(anonymous_3)
FNDA:0,(anonymous_4)
FNDA:0,(anonymous_5)
FNDA:0,(anonymous_6)
DA:2,0
DA:3,0
DA:7,0
DA:8,0
DA:10,0
DA:13,0
DA:14,0
DA:17,0
DA:18,0
DA:19,0
DA:20,0
DA:24,0
DA:27,0
DA:29,0
DA:31,0
DA:32,0
DA:38,0
DA:39,0
DA:42,0
DA:44,0
DA:45,0
DA:46,0
DA:50,0
DA:51,0
DA:54,0
DA:59,0
DA:60,0
DA:66,0
DA:68,0
DA:69,0
DA:70,0
DA:73,0
DA:76,0
DA:79,0
DA:82,0
DA:84,0
DA:86,0
DA:87,0
DA:93,0
DA:94,0
DA:97,0
DA:98,0
DA:99,0
DA:102,0
DA:105,0
DA:106,0
DA:107,0
DA:110,0
DA:112,0
DA:113,0
DA:119,0
DA:120,0
DA:123,0
DA:124,0
DA:125,0
DA:126,0
DA:130,0
DA:132,0
DA:134,0
DA:135,0
DA:140,0
LF:61
LH:0
BRDA:7,0,0,0
BRDA:7,0,1,0
BRDA:18,1,0,0
BRDA:18,1,1,0
BRDA:44,2,0,0
BRDA:44,2,1,0
BRDA:68,3,0,0
BRDA:68,3,1,0
BRDA:97,4,0,0
BRDA:97,4,1,0
BRDA:97,5,0,0
BRDA:97,5,1,0
BRDA:124,6,0,0
BRDA:124,6,1,0
BRF:14
BRH:0
end_of_record
TN:
SF:src/controllers/debug-utils.ts
FN:8,(anonymous_1)
FNF:1
FNH:0
FNDA:0,(anonymous_1)
DA:2,0
DA:8,0
DA:9,0
DA:10,0
DA:11,0
DA:21,0
DA:27,0
DA:29,0
DA:31,0
DA:33,0
DA:34,0
DA:35,0
DA:42,0
DA:49,0
DA:51,0
DA:52,0
DA:54,0
DA:55,0
DA:59,0
DA:60,0
DA:62,0
DA:65,0
DA:70,0
DA:71,0
DA:73,0
DA:75,0
DA:76,0
DA:77,0
DA:79,0
DA:83,0
LF:30
LH:0
BRDA:34,0,0,0
BRDA:34,0,1,0
BRDA:34,1,0,0
BRDA:34,1,1,0
BRDA:51,2,0,0
BRDA:51,2,1,0
BRDA:51,3,0,0
BRDA:51,3,1,0
BRDA:54,4,0,0
BRDA:54,4,1,0
BRF:10
BRH:0
end_of_record
TN:
SF:src/controllers/debug.controller.ts
FN:10,(anonymous_10)
FN:37,(anonymous_11)
FN:40,(anonymous_12)
FN:50,(anonymous_13)
FN:82,(anonymous_14)
FN:128,(anonymous_15)
FNF:6
FNH:0
FNDA:0,(anonymous_10)
FNDA:0,(anonymous_11)
FNDA:0,(anonymous_12)
FNDA:0,(anonymous_13)
FNDA:0,(anonymous_14)
FNDA:0,(anonymous_15)
DA:2,0
DA:3,0
DA:4,0
DA:5,0
DA:7,0
DA:11,0
DA:12,0
DA:14,0
DA:15,0
DA:16,0
DA:19,0
DA:22,0
DA:23,0
DA:24,0
DA:25,0
DA:29,0
DA:30,0
DA:31,0
DA:32,0
DA:36,0
DA:37,0
DA:40,0
DA:41,0
DA:42,0
DA:43,0
DA:47,0
DA:50,0
DA:70,0
DA:71,0
DA:73,0
DA:74,0
DA:76,0
DA:80,0
DA:81,0
DA:82,0
DA:84,0
DA:90,0
DA:91,0
DA:105,0
DA:108,0
DA:128,0
DA:155,0
DA:157,0
DA:158,0
LF:44
LH:0
BRDA:14,0,0,0
BRDA:14,0,1,0
BRDA:23,1,0,0
BRDA:23,1,1,0
BRDA:30,2,0,0
BRDA:30,2,1,0
BRDA:41,3,0,0
BRDA:41,3,1,0
BRDA:42,4,0,0
BRDA:42,4,1,0
BRDA:57,5,0,0
BRDA:57,5,1,0
BRDA:76,6,0,0
BRDA:76,6,1,0
BRDA:90,7,0,0
BRDA:90,7,1,0
BRDA:130,8,0,0
BRDA:130,8,1,0
BRDA:144,9,0,0
BRDA:144,9,1,0
BRDA:145,10,0,0
BRDA:145,10,1,0
BRDA:146,11,0,0
BRDA:146,11,1,0
BRDA:147,12,0,0
BRDA:147,12,1,0
BRDA:148,13,0,0
BRDA:148,13,1,0
BRDA:148,14,0,0
BRDA:148,14,1,0
BRDA:149,15,0,0
BRDA:149,15,1,0
BRDA:149,16,0,0
BRDA:149,16,1,0
BRDA:150,17,0,0
BRDA:150,17,1,0
BRDA:150,18,0,0
BRDA:150,18,1,0
BRDA:150,19,0,0
BRDA:150,19,1,0
BRDA:151,20,0,0
BRDA:151,20,1,0
BRDA:151,21,0,0
BRDA:151,21,1,0
BRDA:160,22,0,0
BRDA:160,22,1,0
BRF:46
BRH:0
end_of_record
TN:
SF:src/controllers/report.controller.ts
FN:15,(anonymous_1)
FN:58,(anonymous_2)
FN:75,(anonymous_3)
FN:111,(anonymous_4)
FN:134,(anonymous_5)
FN:186,(anonymous_6)
FN:205,(anonymous_7)
FN:218,(anonymous_8)
FNF:8
FNH:0
FNDA:0,(anonymous_1)
FNDA:0,(anonymous_2)
FNDA:0,(anonymous_3)
FNDA:0,(anonymous_4)
FNDA:0,(anonymous_5)
FNDA:0,(anonymous_6)
FNDA:0,(anonymous_7)
FNDA:0,(anonymous_8)
DA:3,0
DA:4,0
DA:5,0
DA:6,0
DA:10,0
DA:12,0
DA:16,0
DA:17,0
DA:18,0
DA:19,0
DA:21,0
DA:22,0
DA:23,0
DA:27,0
DA:28,0
DA:32,0
DA:33,0
DA:34,0
DA:38,0
DA:39,0
DA:42,0
DA:44,0
DA:45,0
DA:46,0
DA:47,0
DA:48,0
DA:49,0
DA:52,0
DA:59,0
DA:61,0
DA:62,0
DA:63,0
DA:65,0
DA:66,0
DA:67,0
DA:69,0
DA:70,0
DA:76,0
DA:77,0
DA:78,0
DA:79,0
DA:80,0
DA:84,0
DA:87,0
DA:89,0
DA:90,0
DA:95,0
DA:98,0
DA:101,0
DA:102,0
DA:103,0
DA:105,0
DA:112,0
DA:113,0
DA:114,0
DA:115,0
DA:116,0
DA:118,0
DA:119,0
DA:122,0
DA:123,0
DA:124,0
DA:125,0
DA:126,0
DA:128,0
DA:135,0
DA:136,0
DA:137,0
DA:138,0
DA:141,0
DA:142,0
DA:143,0
DA:146,0
DA:147,0
DA:148,0
DA:149,0
DA:153,0
DA:154,0
DA:161,0
DA:169,0
DA:170,0
DA:173,0
DA:174,0
DA:175,0
DA:176,0
DA:177,0
DA:180,0
DA:187,0
DA:188,0
DA:189,0
DA:190,0
DA:193,0
DA:195,0
DA:196,0
DA:199,0
DA:200,0
DA:206,0
DA:209,0
DA:210,0
DA:211,0
DA:213,0
DA:214,0
DA:219,0
DA:220,0
DA:221,0
DA:222,0
DA:223,0
DA:226,0
DA:228,0
DA:229,0
DA:230,0
DA:231,0
DA:232,0
DA:233,0
DA:234,0
DA:237,0
DA:238,0
DA:239,0
DA:242,0
DA:243,0
DA:244,0
DA:246,0
DA:254,0
LF:123
LH:0
BRDA:17,0,0,0
BRDA:17,0,1,0
BRDA:21,1,0,0
BRDA:21,1,1,0
BRDA:32,2,0,0
BRDA:32,2,1,0
BRDA:32,3,0,0
BRDA:32,3,1,0
BRDA:44,4,0,0
BRDA:44,4,1,0
BRDA:46,5,0,0
BRDA:46,5,1,0
BRDA:48,6,0,0
BRDA:48,6,1,0
BRDA:61,7,0,0
BRDA:61,7,1,0
BRDA:61,8,0,0
BRDA:61,8,1,0
BRDA:61,8,2,0
BRDA:78,9,0,0
BRDA:78,9,1,0
BRDA:87,10,0,0
BRDA:87,10,1,0
BRDA:87,11,0,0
BRDA:87,11,1,0
BRDA:90,12,0,0
BRDA:90,12,1,0
BRDA:90,13,0,0
BRDA:90,13,1,0
BRDA:90,13,2,0
BRDA:102,14,0,0
BRDA:102,14,1,0
BRDA:123,15,0,0
BRDA:123,15,1,0
BRDA:125,16,0,0
BRDA:125,16,1,0
BRDA:125,17,0,0
BRDA:125,17,1,0
BRDA:136,18,0,0
BRDA:136,18,1,0
BRDA:136,19,0,0
BRDA:136,19,1,0
BRDA:136,19,2,0
BRDA:147,20,0,0
BRDA:147,20,1,0
BRDA:147,21,0,0
BRDA:147,21,1,0
BRDA:153,22,0,0
BRDA:153,22,1,0
BRDA:154,23,0,0
BRDA:154,23,1,0
BRDA:154,24,0,0
BRDA:154,24,1,0
BRDA:161,25,0,0
BRDA:161,25,1,0
BRDA:174,26,0,0
BRDA:174,26,1,0
BRDA:176,27,0,0
BRDA:176,27,1,0
BRDA:188,28,0,0
BRDA:188,28,1,0
BRDA:221,29,0,0
BRDA:221,29,1,0
BRDA:230,30,0,0
BRDA:230,30,1,0
BRDA:232,31,0,0
BRDA:232,31,1,0
BRDA:233,32,0,0
BRDA:233,32,1,0
BRDA:243,33,0,0
BRDA:243,33,1,0
BRF:71
BRH:0
end_of_record
TN:
SF:src/controllers/report_modification.controller.ts
FN:7,(anonymous_0)
FN:24,(anonymous_1)
FNF:2
FNH:0
FNDA:0,(anonymous_0)
FNDA:0,(anonymous_1)
DA:3,0
DA:6,0
DA:8,0
DA:9,0
DA:10,0
DA:12,0
DA:18,0
DA:20,0
DA:25,0
DA:26,0
DA:27,0
DA:29,0
DA:35,0
DA:36,0
DA:38,0
DA:41,0
LF:16
LH:0
BRDA:35,0,0,0
BRDA:35,0,1,0
BRF:2
BRH:0
end_of_record
TN:
SF:src/controllers/vessel.controller.ts
FN:10,(anonymous_1)
FN:30,(anonymous_2)
FN:41,(anonymous_3)
FN:59,(anonymous_4)
FN:89,(anonymous_5)
FN:109,(anonymous_6)
FN:127,(anonymous_7)
FN:170,(anonymous_8)
FNF:8
FNH:0
FNDA:0,(anonymous_1)
FNDA:0,(anonymous_2)
FNDA:0,(anonymous_3)
FNDA:0,(anonymous_4)
FNDA:0,(anonymous_5)
FNDA:0,(anonymous_6)
FNDA:0,(anonymous_7)
FNDA:0,(anonymous_8)
DA:2,0
DA:3,0
DA:4,0
DA:6,0
DA:8,0
DA:11,0
DA:12,0
DA:15,0
DA:16,0
DA:17,0
DA:18,0
DA:21,0
DA:22,0
DA:24,0
DA:25,0
DA:31,0
DA:32,0
DA:33,0
DA:35,0
DA:36,0
DA:42,0
DA:43,0
DA:44,0
DA:46,0
DA:47,0
DA:48,0
DA:51,0
DA:53,0
DA:54,0
DA:60,0
DA:61,0
DA:62,0
DA:65,0
DA:66,0
DA:67,0
DA:68,0
DA:72,0
DA:73,0
DA:74,0
DA:75,0
DA:76,0
DA:80,0
DA:81,0
DA:83,0
DA:84,0
DA:90,0
DA:91,0
DA:94,0
DA:95,0
DA:96,0
DA:97,0
DA:100,0
DA:101,0
DA:103,0
DA:104,0
DA:110,0
DA:111,0
DA:113,0
DA:114,0
DA:115,0
DA:118,0
DA:119,0
DA:121,0
DA:122,0
DA:128,0
DA:129,0
DA:130,0
DA:131,0
DA:134,0
DA:135,0
DA:137,0
DA:138,0
DA:139,0
DA:142,0
DA:143,0
DA:147,0
DA:148,0
DA:149,0
DA:150,0
DA:151,0
DA:152,0
DA:156,0
DA:162,0
DA:164,0
DA:165,0
DA:171,0
DA:172,0
DA:173,0
DA:174,0
DA:175,0
DA:178,0
DA:180,0
DA:181,0
DA:192,0
DA:195,0
DA:197,0
DA:198,0
DA:203,0
LF:98
LH:0
BRDA:16,0,0,0
BRDA:16,0,1,0
BRDA:46,1,0,0
BRDA:46,1,1,0
BRDA:66,2,0,0
BRDA:66,2,1,0
BRDA:72,3,0,0
BRDA:72,3,1,0
BRDA:72,4,0,0
BRDA:72,4,1,0
BRDA:74,5,0,0
BRDA:74,5,1,0
BRDA:95,6,0,0
BRDA:95,6,1,0
BRDA:113,7,0,0
BRDA:113,7,1,0
BRDA:113,8,0,0
BRDA:113,8,1,0
BRDA:129,9,0,0
BRDA:129,9,1,0
BRDA:129,10,0,0
BRDA:129,10,1,0
BRDA:137,11,0,0
BRDA:137,11,1,0
BRDA:143,12,0,0
BRDA:143,12,1,0
BRDA:143,13,0,0
BRDA:143,13,1,0
BRDA:149,14,0,0
BRDA:149,14,1,0
BRDA:151,15,0,0
BRDA:151,15,1,0
BRDA:152,16,0,0
BRDA:152,16,1,0
BRDA:173,17,0,0
BRDA:173,17,1,0
BRDA:180,18,0,0
BRDA:180,18,1,0
BRF:38
BRH:0
end_of_record
TN:
SF:src/controllers/voyage.controller.ts
FN:10,(anonymous_1)
FN:95,(anonymous_2)
FN:124,(anonymous_3)
FNF:3
FNH:0
FNDA:0,(anonymous_1)
FNDA:0,(anonymous_2)
FNDA:0,(anonymous_3)
DA:3,0
DA:4,0
DA:5,0
DA:6,0
DA:10,0
DA:12,0
DA:14,0
DA:16,0
DA:19,0
DA:21,0
DA:22,0
DA:23,0
DA:27,0
DA:28,0
DA:29,0
DA:33,0
DA:36,0
DA:37,0
DA:39,0
DA:42,0
DA:58,0
DA:59,0
DA:65,0
DA:68,0
DA:86,0
DA:89,0
DA:90,0
DA:95,0
DA:96,0
DA:98,0
DA:99,0
DA:102,0
DA:104,0
DA:105,0
DA:108,0
DA:112,0
DA:115,0
DA:118,0
DA:119,0
DA:124,0
DA:125,0
DA:127,0
DA:128,0
DA:131,0
DA:132,0
DA:133,0
DA:135,0
DA:137,0
DA:139,0
DA:140,0
LF:50
LH:0
BRDA:14,0,0,0
BRDA:14,0,1,0
BRDA:22,1,0,0
BRDA:22,1,1,0
BRDA:28,2,0,0
BRDA:28,2,1,0
BRDA:36,3,0,0
BRDA:36,3,1,0
BRDA:39,4,0,0
BRDA:39,4,1,0
BRDA:82,5,0,0
BRDA:82,5,1,0
BRDA:83,6,0,0
BRDA:83,6,1,0
BRDA:98,7,0,0
BRDA:98,7,1,0
BRDA:105,8,0,0
BRDA:105,8,1,0
BRDA:127,9,0,0
BRDA:127,9,1,0
BRDA:133,10,0,0
BRDA:133,10,1,0
BRF:22
BRH:0
end_of_record
TN:
SF:src/db/connection.ts
FN:15,(anonymous_1)
FN:20,(anonymous_2)
FNF:2
FNH:0
FNDA:0,(anonymous_1)
FNDA:0,(anonymous_2)
DA:1,1
DA:2,1
DA:4,1
DA:6,1
DA:15,1
DA:16,0
DA:17,0
DA:20,1
DA:21,0
DA:22,0
DA:25,1
LF:11
LH:7
BRDA:8,0,0,1
BRDA:8,0,1,0
BRF:2
BRH:1
end_of_record
TN:
SF:src/middlewares/auth.middleware.ts
FN:17,(anonymous_1)
FN:41,(anonymous_2)
FN:55,(anonymous_3)
FN:69,(anonymous_4)
FNF:4
FNH:0
FNDA:0,(anonymous_1)
FNDA:0,(anonymous_2)
FNDA:0,(anonymous_3)
FNDA:0,(anonymous_4)
DA:2,0
DA:15,0
DA:17,0
DA:18,0
DA:20,0
DA:21,0
DA:22,0
DA:25,0
DA:27,0
DA:28,0
DA:29,0
DA:32,0
DA:33,0
DA:34,0
DA:35,0
DA:37,0
DA:41,0
DA:42,0
DA:43,0
DA:44,0
DA:47,0
DA:48,0
DA:49,0
DA:52,0
DA:55,0
DA:56,0
DA:57,0
DA:58,0
DA:61,0
DA:62,0
DA:63,0
DA:66,0
DA:69,0
DA:70,0
DA:71,0
DA:72,0
DA:75,0
DA:76,0
DA:77,0
DA:80,0
LF:40
LH:0
BRDA:15,0,0,0
BRDA:15,0,1,0
BRDA:20,1,0,0
BRDA:20,1,1,0
BRDA:27,2,0,0
BRDA:27,2,1,0
BRDA:42,3,0,0
BRDA:42,3,1,0
BRDA:47,4,0,0
BRDA:47,4,1,0
BRDA:56,5,0,0
BRDA:56,5,1,0
BRDA:61,6,0,0
BRDA:61,6,1,0
BRDA:61,7,0,0
BRDA:61,7,1,0
BRDA:70,8,0,0
BRDA:70,8,1,0
BRDA:75,9,0,0
BRDA:75,9,1,0
BRF:20
BRH:0
end_of_record
TN:
SF:src/models/report.model.ts
FN:170,(anonymous_1)
FN:205,(anonymous_2)
FN:212,(anonymous_3)
FN:237,(anonymous_4)
FN:269,(anonymous_5)
FN:280,(anonymous_6)
FN:292,(anonymous_7)
FN:303,(anonymous_8)
FN:314,(anonymous_9)
FN:333,(anonymous_10)
FN:344,(anonymous_11)
FN:355,(anonymous_12)
FN:365,(anonymous_13)
FN:367,(anonymous_14)
FN:372,(anonymous_15)
FN:383,(anonymous_16)
FN:393,(anonymous_17)
FN:409,(anonymous_18)
FN:419,(anonymous_19)
FN:444,(anonymous_20)
FN:456,(anonymous_21)
FN:468,(anonymous_22)
FN:479,(anonymous_23)
FN:490,(anonymous_24)
FN:504,(anonymous_25)
FNF:25
FNH:0
FNDA:0,(anonymous_1)
FNDA:0,(anonymous_2)
FNDA:0,(anonymous_3)
FNDA:0,(anonymous_4)
FNDA:0,(anonymous_5)
FNDA:0,(anonymous_6)
FNDA:0,(anonymous_7)
FNDA:0,(anonymous_8)
FNDA:0,(anonymous_9)
FNDA:0,(anonymous_10)
FNDA:0,(anonymous_11)
FNDA:0,(anonymous_12)
FNDA:0,(anonymous_13)
FNDA:0,(anonymous_14)
FNDA:0,(anonymous_15)
FNDA:0,(anonymous_16)
FNDA:0,(anonymous_17)
FNDA:0,(anonymous_18)
FNDA:0,(anonymous_19)
FNDA:0,(anonymous_20)
FNDA:0,(anonymous_21)
FNDA:0,(anonymous_22)
FNDA:0,(anonymous_23)
FNDA:0,(anonymous_24)
FNDA:0,(anonymous_25)
DA:2,1
DA:4,1
DA:166,1
DA:171,0
DA:173,0
DA:174,0
DA:175,0
DA:177,0
DA:178,0
DA:179,0
DA:180,0
DA:181,0
DA:182,0
DA:183,0
DA:187,0
DA:192,0
DA:193,0
DA:194,0
DA:196,0
DA:197,0
DA:198,0
DA:199,0
DA:206,0
DA:207,0
DA:213,0
DA:223,0
DA:225,0
DA:226,0
DA:227,0
DA:230,0
DA:232,0
DA:233,0
DA:238,0
DA:239,0
DA:244,0
DA:246,0
DA:247,0
DA:248,0
DA:249,0
DA:251,0
DA:254,0
DA:255,0
DA:257,0
DA:258,0
DA:259,0
DA:261,0
DA:262,0
DA:263,0
DA:264,0
DA:270,0
DA:275,0
DA:281,0
DA:287,0
DA:293,0
DA:299,0
DA:304,0
DA:310,0
DA:316,0
DA:317,0
DA:318,0
DA:319,0
DA:321,0
DA:323,0
DA:329,0
DA:334,0
DA:340,0
DA:345,0
DA:351,0
DA:356,0
DA:361,0
DA:366,0
DA:367,0
DA:368,0
DA:373,0
DA:379,0
DA:384,0
DA:389,0
DA:394,0
DA:395,0
DA:400,0
DA:401,0
DA:403,0
DA:404,0
DA:410,0
DA:415,0
DA:420,0
DA:430,0
DA:432,0
DA:433,0
DA:434,0
DA:437,0
DA:439,0
DA:440,0
DA:445,0
DA:452,0
DA:457,0
DA:464,0
DA:469,0
DA:475,0
DA:480,0
DA:486,0
DA:491,0
DA:500,0
DA:505,0
DA:507,0
DA:535,0
DA:536,0
DA:537,0
DA:539,0
DA:540,0
DA:541,0
DA:542,0
DA:546,0
DA:548,0
DA:549,0
DA:550,0
DA:553,0
DA:555,0
DA:557,0
DA:558,0
DA:559,0
DA:561,0
DA:562,0
DA:563,0
DA:564,0
DA:569,1
LF:126
LH:4
BRDA:170,0,0,0
BRDA:171,1,0,0
BRDA:171,1,1,0
BRDA:180,2,0,0
BRDA:180,2,1,0
BRDA:180,3,0,0
BRDA:180,3,1,0
BRDA:183,4,0,0
BRDA:183,4,1,0
BRDA:199,5,0,0
BRDA:199,5,1,0
BRDA:205,6,0,0
BRDA:207,7,0,0
BRDA:207,7,1,0
BRDA:212,8,0,0
BRDA:225,9,0,0
BRDA:225,9,1,0
BRDA:237,10,0,0
BRDA:242,11,0,0
BRDA:242,11,1,0
BRDA:246,12,0,0
BRDA:246,12,1,0
BRDA:248,13,0,0
BRDA:248,13,1,0
BRDA:249,14,0,0
BRDA:249,14,1,0
BRDA:269,15,0,0
BRDA:280,16,0,0
BRDA:287,17,0,0
BRDA:287,17,1,0
BRDA:292,18,0,0
BRDA:299,19,0,0
BRDA:299,19,1,0
BRDA:303,20,0,0
BRDA:310,21,0,0
BRDA:310,21,1,0
BRDA:314,22,0,0
BRDA:317,23,0,0
BRDA:317,23,1,0
BRDA:317,24,0,0
BRDA:317,24,1,0
BRDA:329,25,0,0
BRDA:329,25,1,0
BRDA:333,26,0,0
BRDA:340,27,0,0
BRDA:340,27,1,0
BRDA:344,28,0,0
BRDA:351,29,0,0
BRDA:351,29,1,0
BRDA:355,30,0,0
BRDA:365,31,0,0
BRDA:368,32,0,0
BRDA:368,32,1,0
BRDA:372,33,0,0
BRDA:379,34,0,0
BRDA:379,34,1,0
BRDA:383,35,0,0
BRDA:393,36,0,0
BRDA:409,37,0,0
BRDA:419,38,0,0
BRDA:432,39,0,0
BRDA:432,39,1,0
BRDA:444,40,0,0
BRDA:452,41,0,0
BRDA:452,41,1,0
BRDA:456,42,0,0
BRDA:464,43,0,0
BRDA:464,43,1,0
BRDA:468,44,0,0
BRDA:475,45,0,0
BRDA:475,45,1,0
BRDA:479,46,0,0
BRDA:486,47,0,0
BRDA:486,47,1,0
BRDA:490,48,0,0
BRDA:500,49,0,0
BRDA:500,49,1,0
BRDA:504,50,0,0
BRDA:540,51,0,0
BRDA:540,51,1,0
BRDA:542,52,0,0
BRDA:542,52,1,0
BRDA:548,53,0,0
BRDA:548,53,1,0
BRF:84
BRH:0
end_of_record
TN:
SF:src/models/report_aux_engine.model.ts
FN:11,(anonymous_1)
FN:52,(anonymous_2)
FN:63,(anonymous_3)
FNF:3
FNH:0
FNDA:0,(anonymous_1)
FNDA:0,(anonymous_2)
FNDA:0,(anonymous_3)
DA:1,0
DA:3,0
DA:9,0
DA:12,0
DA:13,0
DA:15,0
DA:16,0
DA:18,0
DA:26,0
DA:27,0
DA:40,0
DA:41,0
DA:43,0
DA:44,0
DA:45,0
DA:47,0
DA:53,0
DA:59,0
DA:64,0
DA:65,0
DA:66,0
DA:68,0
DA:69,0
DA:74,0
LF:24
LH:0
BRDA:11,0,0,0
BRDA:13,1,0,0
BRDA:13,1,1,0
BRDA:16,2,0,0
BRDA:16,2,1,0
BRDA:31,3,0,0
BRDA:31,3,1,0
BRDA:32,4,0,0
BRDA:32,4,1,0
BRDA:33,5,0,0
BRDA:33,5,1,0
BRDA:34,6,0,0
BRDA:34,6,1,0
BRDA:35,7,0,0
BRDA:35,7,1,0
BRDA:36,8,0,0
BRDA:36,8,1,0
BRDA:40,9,0,0
BRDA:40,9,1,0
BRDA:43,10,0,0
BRDA:43,10,1,0
BRDA:47,11,0,0
BRDA:47,11,1,0
BRDA:52,12,0,0
BRDA:63,13,0,0
BRF:25
BRH:0
end_of_record
TN:
SF:src/models/report_engine_unit.model.ts
FN:11,(anonymous_1)
FN:50,(anonymous_2)
FN:61,(anonymous_3)
FNF:3
FNH:0
FNDA:0,(anonymous_1)
FNDA:0,(anonymous_2)
FNDA:0,(anonymous_3)
DA:1,0
DA:3,0
DA:9,0
DA:12,0
DA:13,0
DA:15,0
DA:16,0
DA:18,0
DA:26,0
DA:27,0
DA:38,0
DA:39,0
DA:41,0
DA:42,0
DA:43,0
DA:45,0
DA:51,0
DA:57,0
DA:62,0
DA:63,0
DA:64,0
DA:66,0
DA:67,0
DA:72,0
LF:24
LH:0
BRDA:11,0,0,0
BRDA:13,1,0,0
BRDA:13,1,1,0
BRDA:16,2,0,0
BRDA:16,2,1,0
BRDA:31,3,0,0
BRDA:31,3,1,0
BRDA:32,4,0,0
BRDA:32,4,1,0
BRDA:33,5,0,0
BRDA:33,5,1,0
BRDA:34,6,0,0
BRDA:34,6,1,0
BRDA:38,7,0,0
BRDA:38,7,1,0
BRDA:41,8,0,0
BRDA:41,8,1,0
BRDA:45,9,0,0
BRDA:45,9,1,0
BRDA:50,10,0,0
BRDA:61,11,0,0
BRF:21
BRH:0
end_of_record
TN:
SF:src/models/user.model.ts
FN:8,(anonymous_1)
FN:36,(anonymous_2)
FN:42,(anonymous_3)
FN:48,(anonymous_4)
FN:54,(anonymous_5)
FN:62,(anonymous_6)
FN:63,(anonymous_7)
FN:79,(anonymous_8)
FN:93,(anonymous_9)
FN:99,(anonymous_10)
FN:127,(anonymous_11)
FN:133,(anonymous_12)
FNF:12
FNH:0
FNDA:0,(anonymous_1)
FNDA:0,(anonymous_2)
FNDA:0,(anonymous_3)
FNDA:0,(anonymous_4)
FNDA:0,(anonymous_5)
FNDA:0,(anonymous_6)
FNDA:0,(anonymous_7)
FNDA:0,(anonymous_8)
FNDA:0,(anonymous_9)
FNDA:0,(anonymous_10)
FNDA:0,(anonymous_11)
FNDA:0,(anonymous_12)
DA:1,0
DA:2,0
DA:3,0
DA:6,0
DA:10,0
DA:11,0
DA:13,0
DA:15,0
DA:16,0
DA:20,0
DA:24,0
DA:25,0
DA:27,0
DA:32,0
DA:37,0
DA:38,0
DA:43,0
DA:44,0
DA:49,0
DA:50,0
DA:56,0
DA:57,0
DA:61,0
DA:62,0
DA:63,0
DA:65,0
DA:66,0
DA:69,0
DA:71,0
DA:78,0
DA:79,0
DA:83,0
DA:85,0
DA:86,0
DA:89,0
DA:94,0
DA:95,0
DA:100,0
DA:101,0
DA:103,0
DA:104,0
DA:105,0
DA:107,0
DA:109,0
DA:110,0
DA:111,0
DA:114,0
DA:115,0
DA:117,0
DA:118,0
DA:119,0
DA:122,0
DA:123,0
DA:128,0
DA:129,0
DA:134,0
DA:135,0
DA:139,0
LF:58
LH:0
BRDA:13,0,0,0
BRDA:13,0,1,0
BRDA:38,1,0,0
BRDA:38,1,1,0
BRDA:44,2,0,0
BRDA:44,2,1,0
BRDA:56,3,0,0
BRDA:56,3,1,0
BRDA:65,4,0,0
BRDA:65,4,1,0
BRDA:85,5,0,0
BRDA:85,5,1,0
BRDA:103,6,0,0
BRDA:103,6,1,0
BRDA:109,7,0,0
BRDA:109,7,1,0
BRDA:117,8,0,0
BRDA:117,8,1,0
BRF:18
BRH:0
end_of_record
TN:
SF:src/models/vessel.model.ts
FN:17,(anonymous_1)
FN:30,(anonymous_2)
FN:36,(anonymous_3)
FN:42,(anonymous_4)
FN:48,(anonymous_5)
FN:50,(anonymous_6)
FN:51,(anonymous_7)
FN:66,(anonymous_8)
FN:80,(anonymous_9)
FN:86,(anonymous_10)
FN:98,(anonymous_11)
FN:100,(anonymous_12)
FN:101,(anonymous_13)
FN:116,(anonymous_14)
FN:130,(anonymous_15)
FNF:15
FNH:0
FNDA:0,(anonymous_1)
FNDA:0,(anonymous_2)
FNDA:0,(anonymous_3)
FNDA:0,(anonymous_4)
FNDA:0,(anonymous_5)
FNDA:0,(anonymous_6)
FNDA:0,(anonymous_7)
FNDA:0,(anonymous_8)
FNDA:0,(anonymous_9)
FNDA:0,(anonymous_10)
FNDA:0,(anonymous_11)
FNDA:0,(anonymous_12)
FNDA:0,(anonymous_13)
FNDA:0,(anonymous_14)
FNDA:0,(anonymous_15)
DA:1,0
DA:3,0
DA:15,0
DA:18,0
DA:20,0
DA:26,0
DA:31,0
DA:32,0
DA:37,0
DA:38,0
DA:43,0
DA:44,0
DA:49,0
DA:50,0
DA:51,0
DA:53,0
DA:54,0
DA:57,0
DA:59,0
DA:65,0
DA:66,0
DA:70,0
DA:72,0
DA:73,0
DA:76,0
DA:81,0
DA:82,0
DA:87,0
DA:88,0
DA:94,0
DA:99,0
DA:100,0
DA:101,0
DA:103,0
DA:104,0
DA:107,0
DA:109,0
DA:115,0
DA:116,0
DA:120,0
DA:121,0
DA:122,0
DA:124,0
DA:125,0
DA:131,0
DA:132,0
DA:136,0
LF:47
LH:0
BRDA:17,0,0,0
BRDA:30,1,0,0
BRDA:32,2,0,0
BRDA:32,2,1,0
BRDA:36,3,0,0
BRDA:38,4,0,0
BRDA:38,4,1,0
BRDA:42,5,0,0
BRDA:48,6,0,0
BRDA:53,7,0,0
BRDA:53,7,1,0
BRDA:72,8,0,0
BRDA:72,8,1,0
BRDA:80,9,0,0
BRDA:86,10,0,0
BRDA:98,11,0,0
BRDA:100,12,0,0
BRDA:100,12,1,0
BRDA:103,13,0,0
BRDA:103,13,1,0
BRDA:116,14,0,0
BRDA:116,14,1,0
BRDA:130,15,0,0
BRDA:132,16,0,0
BRDA:132,16,1,0
BRF:25
BRH:0
end_of_record
TN:
SF:src/models/voyage.model.ts
FN:11,(anonymous_1)
FN:29,(anonymous_2)
FN:35,(anonymous_3)
FN:41,(anonymous_4)
FN:47,(anonymous_5)
FN:53,(anonymous_6)
FN:59,(anonymous_7)
FN:65,(anonymous_8)
FNF:8
FNH:0
FNDA:0,(anonymous_1)
FNDA:0,(anonymous_2)
FNDA:0,(anonymous_3)
FNDA:0,(anonymous_4)
FNDA:0,(anonymous_5)
FNDA:0,(anonymous_6)
FNDA:0,(anonymous_7)
FNDA:0,(anonymous_8)
DA:2,0
DA:4,0
DA:6,0
DA:9,0
DA:12,0
DA:15,0
DA:16,0
DA:17,0
DA:19,0
DA:25,0
DA:30,0
DA:31,0
DA:36,0
DA:37,0
DA:42,0
DA:43,0
DA:48,0
DA:49,0
DA:54,0
DA:55,0
DA:60,0
DA:61,0
DA:66,0
DA:67,0
DA:69,0
DA:70,0
DA:74,0
DA:76,0
DA:78,0
DA:81,0
DA:82,0
DA:83,0
DA:85,0
DA:86,0
DA:88,0
DA:89,0
DA:92,0
DA:93,0
DA:94,0
DA:95,0
DA:98,0
DA:101,0
DA:102,0
DA:105,0
DA:106,0
DA:107,0
DA:108,0
DA:109,0
DA:115,0
DA:124,0
LF:50
LH:0
BRDA:11,0,0,0
BRDA:29,1,0,0
BRDA:31,2,0,0
BRDA:31,2,1,0
BRDA:35,3,0,0
BRDA:37,4,0,0
BRDA:37,4,1,0
BRDA:41,5,0,0
BRDA:47,6,0,0
BRDA:53,7,0,0
BRDA:55,8,0,0
BRDA:55,8,1,0
BRDA:59,9,0,0
BRDA:61,10,0,0
BRDA:61,10,1,0
BRDA:65,11,0,0
BRDA:69,12,0,0
BRDA:69,12,1,0
BRDA:76,13,0,0
BRDA:76,13,1,0
BRDA:85,14,0,0
BRDA:85,14,1,0
BRDA:88,15,0,0
BRDA:88,15,1,0
BRDA:88,16,0,0
BRDA:88,16,1,0
BRDA:92,17,0,0
BRDA:92,17,1,0
BRDA:94,18,0,0
BRDA:94,18,1,0
BRDA:101,19,0,0
BRDA:101,19,1,0
BRDA:106,20,0,0
BRDA:106,20,1,0
BRDA:108,21,0,0
BRDA:108,21,1,0
BRF:36
BRH:0
end_of_record
TN:
SF:src/routes/auth.routes.ts
FNF:0
FNH:0
DA:1,0
DA:2,0
DA:3,0
DA:5,0
DA:8,0
DA:9,0
DA:12,0
DA:13,0
DA:14,0
DA:16,0
LF:10
LH:0
BRF:0
BRH:0
end_of_record
TN:
SF:src/routes/debug.routes.ts
FNF:0
FNH:0
DA:2,0
DA:3,0
DA:4,0
DA:6,0
DA:13,0
DA:15,0
LF:6
LH:0
BRF:0
BRH:0
end_of_record
TN:
SF:src/routes/report.routes.ts
FNF:0
FNH:0
DA:2,0
DA:3,0
DA:4,0
DA:5,0
DA:7,0
DA:10,0
DA:11,0
DA:12,0
DA:15,0
DA:18,0
DA:19,0
DA:22,0
DA:25,0
DA:29,0
DA:30,0
DA:32,0
LF:16
LH:0
BRF:0
BRH:0
end_of_record
TN:
SF:src/routes/vessel.routes.ts
FNF:0
FNH:0
DA:1,0
DA:2,0
DA:3,0
DA:5,0
DA:8,0
DA:9,0
DA:10,0
DA:13,0
DA:14,0
DA:15,0
DA:16,0
DA:17,0
DA:19,0
LF:13
LH:0
BRF:0
BRH:0
end_of_record
TN:
SF:src/routes/voyage.routes.ts
FNF:0
FNH:0
DA:1,0
DA:2,0
DA:4,0
DA:6,0
DA:9,0
DA:17,0
DA:25,0
DA:38,0
LF:8
LH:0
BRF:0
BRH:0
end_of_record
TN:
SF:src/services/bunker_calculator.ts
FN:62,calculateTotalConsumptions
FN:83,calculateCurrentRobs
FNF:2
FNH:2
FNDA:4,calculateTotalConsumptions
FNDA:6,calculateCurrentRobs
DA:62,1
DA:63,4
DA:64,4
DA:65,4
DA:66,4
DA:67,4
DA:69,4
DA:83,1
DA:88,6
DA:89,6
DA:90,6
DA:91,6
DA:92,6
DA:95,6
LF:14
LH:14
BRDA:63,0,0,4
BRDA:63,0,1,1
BRDA:63,1,0,4
BRDA:63,1,1,2
BRDA:63,2,0,4
BRDA:63,2,1,2
BRDA:64,3,0,4
BRDA:64,3,1,2
BRDA:64,4,0,4
BRDA:64,4,1,1
BRDA:64,5,0,4
BRDA:64,5,1,2
BRDA:65,6,0,4
BRDA:65,6,1,2
BRDA:66,7,0,4
BRDA:66,7,1,1
BRDA:67,8,0,4
BRDA:67,8,1,2
BRDA:88,9,0,6
BRDA:88,9,1,4
BRDA:89,10,0,6
BRDA:89,10,1,4
BRDA:90,11,0,6
BRDA:90,11,1,3
BRDA:91,12,0,6
BRDA:91,12,1,4
BRDA:92,13,0,6
BRDA:92,13,1,4
BRF:28
BRH:28
end_of_record
TN:
SF:src/services/cascade_calculator.service.ts
FN:47,(anonymous_1)
FN:59,(anonymous_2)
FN:68,(anonymous_3)
FN:70,(anonymous_4)
FN:73,(anonymous_5)
FN:88,(anonymous_6)
FN:89,(anonymous_7)
FN:92,(anonymous_8)
FN:98,(anonymous_9)
FN:100,(anonymous_10)
FN:224,(anonymous_11)
FN:227,(anonymous_12)
FN:228,(anonymous_13)
FN:229,(anonymous_14)
FN:231,(anonymous_15)
FN:283,(anonymous_17)
FN:299,(anonymous_18)
FN:325,(anonymous_19)
FN:333,(anonymous_20)
FN:346,(anonymous_21)
FNF:20
FNH:0
FNDA:0,(anonymous_1)
FNDA:0,(anonymous_2)
FNDA:0,(anonymous_3)
FNDA:0,(anonymous_4)
FNDA:0,(anonymous_5)
FNDA:0,(anonymous_6)
FNDA:0,(anonymous_7)
FNDA:0,(anonymous_8)
FNDA:0,(anonymous_9)
FNDA:0,(anonymous_10)
FNDA:0,(anonymous_11)
FNDA:0,(anonymous_12)
FNDA:0,(anonymous_13)
FNDA:0,(anonymous_14)
FNDA:0,(anonymous_15)
FNDA:0,(anonymous_17)
FNDA:0,(anonymous_18)
FNDA:0,(anonymous_19)
FNDA:0,(anonymous_20)
FNDA:0,(anonymous_21)
DA:3,0
DA:4,0
DA:5,0
DA:6,0
DA:42,0
DA:43,0
DA:46,0
DA:48,0
DA:49,0
DA:50,0
DA:52,0
DA:53,0
DA:54,0
DA:56,0
DA:59,0
DA:60,0
DA:61,0
DA:62,0
DA:63,0
DA:68,0
DA:69,0
DA:70,0
DA:72,0
DA:73,0
DA:76,0
DA:77,0
DA:78,0
DA:80,0
DA:81,0
DA:86,0
DA:88,0
DA:89,0
DA:91,0
DA:92,0
DA:93,0
DA:94,0
DA:95,0
DA:96,0
DA:97,0
DA:98,0
DA:99,0
DA:100,0
DA:101,0
DA:102,0
DA:103,0
DA:104,0
DA:107,0
DA:108,0
DA:109,0
DA:110,0
DA:111,0
DA:112,0
DA:115,0
DA:116,0
DA:117,0
DA:118,0
DA:124,0
DA:125,0
DA:131,0
DA:132,0
DA:133,0
DA:135,0
DA:136,0
DA:137,0
DA:138,0
DA:139,0
DA:141,0
DA:142,0
DA:143,0
DA:144,0
DA:145,0
DA:146,0
DA:147,0
DA:148,0
DA:149,0
DA:150,0
DA:153,0
DA:154,0
DA:155,0
DA:156,0
DA:158,0
DA:159,0
DA:160,0
DA:162,0
DA:163,0
DA:164,0
DA:167,0
DA:170,0
DA:171,0
DA:172,0
DA:173,0
DA:175,0
DA:176,0
DA:177,0
DA:179,0
DA:182,0
DA:185,0
DA:186,0
DA:190,0
DA:191,0
DA:192,0
DA:193,0
DA:198,0
DA:199,0
DA:205,0
DA:206,0
DA:208,0
DA:209,0
DA:214,0
DA:215,0
DA:216,0
DA:217,0
DA:219,0
DA:221,0
DA:225,0
DA:226,0
DA:227,0
DA:228,0
DA:229,0
DA:230,0
DA:231,0
DA:242,0
DA:243,0
DA:244,0
DA:246,0
DA:247,0
DA:248,0
DA:249,0
DA:250,0
DA:252,0
DA:254,0
DA:255,0
DA:256,0
DA:257,0
DA:260,0
DA:261,0
DA:262,0
DA:265,0
DA:266,0
DA:267,0
DA:268,0
DA:269,0
DA:270,0
DA:271,0
DA:272,0
DA:273,0
DA:275,0
DA:276,0
DA:277,0
DA:278,0
DA:279,0
DA:282,0
DA:283,0
DA:284,0
DA:285,0
DA:287,0
DA:288,0
DA:289,0
DA:290,0
DA:291,0
DA:292,0
DA:294,0
DA:298,0
DA:299,0
DA:300,0
DA:304,0
DA:305,0
DA:306,0
DA:307,0
DA:308,0
DA:309,0
DA:311,0
DA:312,0
DA:314,0
DA:315,0
DA:316,0
DA:319,0
DA:320,0
DA:321,0
DA:322,0
DA:324,0
DA:325,0
DA:326,0
DA:327,0
DA:329,0
DA:333,0
DA:334,0
DA:337,0
DA:347,0
DA:348,0
DA:349,0
DA:351,0
DA:352,0
DA:355,0
LF:194
LH:0
BRDA:49,0,0,0
BRDA:49,0,1,0
BRDA:50,1,0,0
BRDA:50,1,1,0
BRDA:53,2,0,0
BRDA:53,2,1,0
BRDA:54,3,0,0
BRDA:54,3,1,0
BRDA:61,4,0,0
BRDA:61,4,1,0
BRDA:61,5,0,0
BRDA:61,5,1,0
BRDA:62,6,0,0
BRDA:62,6,1,0
BRDA:69,7,0,0
BRDA:69,7,1,0
BRDA:69,8,0,0
BRDA:69,8,1,0
BRDA:72,9,0,0
BRDA:72,9,1,0
BRDA:72,10,0,0
BRDA:72,10,1,0
BRDA:80,11,0,0
BRDA:80,11,1,0
BRDA:82,12,0,0
BRDA:82,12,1,0
BRDA:82,13,0,0
BRDA:82,13,1,0
BRDA:83,14,0,0
BRDA:83,14,1,0
BRDA:83,15,0,0
BRDA:83,15,1,0
BRDA:84,16,0,0
BRDA:84,16,1,0
BRDA:86,17,0,0
BRDA:86,17,1,0
BRDA:91,18,0,0
BRDA:91,18,1,0
BRDA:92,19,0,0
BRDA:92,19,1,0
BRDA:93,20,0,0
BRDA:93,20,1,0
BRDA:94,21,0,0
BRDA:94,21,1,0
BRDA:95,22,0,0
BRDA:95,22,1,0
BRDA:98,23,0,0
BRDA:98,23,1,0
BRDA:99,24,0,0
BRDA:99,24,1,0
BRDA:100,25,0,0
BRDA:100,25,1,0
BRDA:100,26,0,0
BRDA:100,26,1,0
BRDA:102,27,0,0
BRDA:102,27,1,0
BRDA:103,28,0,0
BRDA:103,28,1,0
BRDA:104,29,0,0
BRDA:104,29,1,0
BRDA:107,30,0,0
BRDA:107,30,1,0
BRDA:109,31,0,0
BRDA:109,31,1,0
BRDA:110,32,0,0
BRDA:110,32,1,0
BRDA:111,33,0,0
BRDA:111,33,1,0
BRDA:111,34,0,0
BRDA:111,34,1,0
BRDA:112,35,0,0
BRDA:112,35,1,0
BRDA:112,36,0,0
BRDA:112,36,1,0
BRDA:112,36,2,0
BRDA:115,37,0,0
BRDA:115,37,1,0
BRDA:115,38,0,0
BRDA:115,38,1,0
BRDA:117,39,0,0
BRDA:117,39,1,0
BRDA:119,40,0,0
BRDA:119,40,1,0
BRDA:119,41,0,0
BRDA:119,41,1,0
BRDA:120,42,0,0
BRDA:120,42,1,0
BRDA:120,43,0,0
BRDA:120,43,1,0
BRDA:121,44,0,0
BRDA:121,44,1,0
BRDA:125,45,0,0
BRDA:125,45,1,0
BRDA:126,46,0,0
BRDA:126,46,1,0
BRDA:126,47,0,0
BRDA:126,47,1,0
BRDA:127,48,0,0
BRDA:127,48,1,0
BRDA:127,49,0,0
BRDA:127,49,1,0
BRDA:128,50,0,0
BRDA:128,50,1,0
BRDA:142,51,0,0
BRDA:142,51,1,0
BRDA:142,52,0,0
BRDA:142,52,1,0
BRDA:144,53,0,0
BRDA:144,53,1,0
BRDA:144,54,0,0
BRDA:144,54,1,0
BRDA:146,55,0,0
BRDA:146,55,1,0
BRDA:146,56,0,0
BRDA:146,56,1,0
BRDA:148,57,0,0
BRDA:148,57,1,0
BRDA:148,58,0,0
BRDA:148,58,1,0
BRDA:150,59,0,0
BRDA:150,59,1,0
BRDA:150,60,0,0
BRDA:150,60,1,0
BRDA:153,61,0,0
BRDA:153,61,1,0
BRDA:153,62,0,0
BRDA:153,62,1,0
BRDA:156,63,0,0
BRDA:156,63,1,0
BRDA:156,64,0,0
BRDA:156,64,1,0
BRDA:158,65,0,0
BRDA:158,65,1,0
BRDA:159,66,0,0
BRDA:159,66,1,0
BRDA:163,67,0,0
BRDA:163,67,1,0
BRDA:175,68,0,0
BRDA:175,68,1,0
BRDA:176,69,0,0
BRDA:176,69,1,0
BRDA:177,70,0,0
BRDA:177,70,1,0
BRDA:177,71,0,0
BRDA:177,71,1,0
BRDA:177,71,2,0
BRDA:179,72,0,0
BRDA:179,72,1,0
BRDA:179,73,0,0
BRDA:179,73,1,0
BRDA:179,73,2,0
BRDA:179,73,3,0
BRDA:185,74,0,0
BRDA:185,74,1,0
BRDA:185,75,0,0
BRDA:185,75,1,0
BRDA:191,76,0,0
BRDA:191,76,1,0
BRDA:191,77,0,0
BRDA:191,77,1,0
BRDA:192,78,0,0
BRDA:192,78,1,0
BRDA:192,79,0,0
BRDA:192,79,1,0
BRDA:192,79,2,0
BRDA:198,80,0,0
BRDA:198,80,1,0
BRDA:215,81,0,0
BRDA:215,81,1,0
BRDA:225,82,0,0
BRDA:225,82,1,0
BRDA:227,83,0,0
BRDA:227,83,1,0
BRDA:246,84,0,0
BRDA:246,84,1,0
BRDA:248,85,0,0
BRDA:248,85,1,0
BRDA:250,86,0,0
BRDA:250,86,1,0
BRDA:254,87,0,0
BRDA:254,87,1,0
BRDA:256,88,0,0
BRDA:256,88,1,0
BRDA:256,89,0,0
BRDA:256,89,1,0
BRDA:260,90,0,0
BRDA:260,90,1,0
BRDA:260,91,0,0
BRDA:260,91,1,0
BRDA:265,92,0,0
BRDA:265,92,1,0
BRDA:269,93,0,0
BRDA:269,93,1,0
BRDA:270,94,0,0
BRDA:270,94,1,0
BRDA:270,95,0,0
BRDA:270,95,1,0
BRDA:271,96,0,0
BRDA:271,96,1,0
BRDA:271,97,0,0
BRDA:271,97,1,0
BRDA:271,97,2,0
BRDA:271,97,3,0
BRDA:271,98,0,0
BRDA:271,98,1,0
BRDA:272,99,0,0
BRDA:272,99,1,0
BRDA:272,100,0,0
BRDA:272,100,1,0
BRDA:272,101,0,0
BRDA:272,101,1,0
BRDA:276,102,0,0
BRDA:276,102,1,0
BRDA:276,103,0,0
BRDA:276,103,1,0
BRDA:276,103,2,0
BRDA:276,103,3,0
BRDA:277,104,0,0
BRDA:277,104,1,0
BRDA:278,105,0,0
BRDA:278,105,1,0
BRDA:278,106,0,0
BRDA:278,106,1,0
BRDA:284,107,0,0
BRDA:284,107,1,0
BRDA:287,108,0,0
BRDA:287,108,1,0
BRDA:288,109,0,0
BRDA:288,109,1,0
BRDA:290,110,0,0
BRDA:290,110,1,0
BRDA:292,111,0,0
BRDA:292,111,1,0
BRDA:300,112,0,0
BRDA:300,112,1,0
BRDA:304,113,0,0
BRDA:304,113,1,0
BRDA:305,114,0,0
BRDA:305,114,1,0
BRDA:307,115,0,0
BRDA:307,115,1,0
BRDA:309,116,0,0
BRDA:309,116,1,0
BRDA:320,117,0,0
BRDA:320,117,1,0
BRDA:320,118,0,0
BRDA:320,118,1,0
BRDA:321,119,0,0
BRDA:321,119,1,0
BRDA:326,120,0,0
BRDA:326,120,1,0
BRDA:334,121,0,0
BRDA:334,121,1,0
BRDA:347,122,0,0
BRDA:347,122,1,0
BRF:255
BRH:0
end_of_record
TN:
SF:src/services/distance_calculator.ts
FN:28,calculateDistances
FNF:1
FNH:1
FNDA:17,calculateDistances
DA:28,1
DA:29,17
DA:30,17
DA:31,17
DA:33,17
DA:34,16
DA:36,4
DA:37,12
DA:39,9
DA:43,3
DA:44,3
DA:48,16
DA:49,16
DA:51,16
DA:56,17
LF:15
LH:15
BRDA:31,0,0,17
BRDA:31,0,1,1
BRDA:33,1,0,16
BRDA:33,1,1,1
BRDA:33,2,0,17
BRDA:33,2,1,13
BRDA:33,2,2,7
BRDA:33,2,3,2
BRDA:34,3,0,4
BRDA:34,3,1,12
BRDA:36,4,0,4
BRDA:36,4,1,2
BRDA:37,5,0,9
BRDA:37,5,1,3
BRDA:39,6,0,9
BRDA:39,6,1,2
BRDA:48,7,0,16
BRDA:48,7,1,0
BRF:18
BRH:17
end_of_record
TN:
SF:src/services/excel_data_aggregation.service.ts
FN:197,formatDateTime
FN:228,(anonymous_2)
FN:253,(anonymous_3)
FN:264,(anonymous_4)
FN:269,(anonymous_5)
FN:274,(anonymous_6)
FN:278,(anonymous_7)
FN:284,(anonymous_8)
FN:285,(anonymous_9)
FN:286,(anonymous_10)
FN:287,(anonymous_11)
FN:288,(anonymous_12)
FN:631,(anonymous_13)
FNF:13
FNH:0
FNDA:0,formatDateTime
FNDA:0,(anonymous_2)
FNDA:0,(anonymous_3)
FNDA:0,(anonymous_4)
FNDA:0,(anonymous_5)
FNDA:0,(anonymous_6)
FNDA:0,(anonymous_7)
FNDA:0,(anonymous_8)
FNDA:0,(anonymous_9)
FNDA:0,(anonymous_10)
FNDA:0,(anonymous_11)
FNDA:0,(anonymous_12)
FNDA:0,(anonymous_13)
DA:1,0
DA:2,0
DA:3,0
DA:7,0
DA:198,0
DA:200,0
DA:202,0
DA:203,0
DA:204,0
DA:205,0
DA:208,0
DA:211,0
DA:212,0
DA:213,0
DA:214,0
DA:218,0
DA:220,0
DA:222,0
DA:223,0
DA:228,0
DA:231,0
DA:233,0
DA:234,0
DA:235,0
DA:238,0
DA:239,0
DA:240,0
DA:241,0
DA:242,0
DA:244,0
DA:246,0
DA:247,0
DA:252,0
DA:254,0
DA:256,0
DA:257,0
DA:258,0
DA:259,0
DA:261,0
DA:262,0
DA:264,0
DA:265,0
DA:268,0
DA:269,0
DA:270,0
DA:274,0
DA:277,0
DA:278,0
DA:279,0
DA:282,0
DA:284,0
DA:285,0
DA:286,0
DA:287,0
DA:288,0
DA:291,0
DA:292,0
DA:293,0
DA:294,0
DA:297,0
DA:306,0
DA:307,0
DA:309,0
DA:310,0
DA:312,0
DA:313,0
DA:315,0
DA:316,0
DA:318,0
DA:319,0
DA:322,0
DA:323,0
DA:325,0
DA:326,0
DA:327,0
DA:328,0
DA:330,0
DA:331,0
DA:332,0
DA:333,0
DA:337,0
DA:338,0
DA:341,0
DA:342,0
DA:343,0
DA:344,0
DA:345,0
DA:347,0
DA:348,0
DA:350,0
DA:351,0
DA:355,0
DA:356,0
DA:357,0
DA:358,0
DA:359,0
DA:361,0
DA:362,0
DA:364,0
DA:365,0
DA:369,0
DA:370,0
DA:371,0
DA:372,0
DA:374,0
DA:375,0
DA:377,0
DA:378,0
DA:380,0
DA:381,0
DA:382,0
DA:383,0
DA:385,0
DA:386,0
DA:390,0
DA:391,0
DA:392,0
DA:395,0
DA:396,0
DA:399,0
DA:400,0
DA:401,0
DA:402,0
DA:403,0
DA:404,0
DA:405,0
DA:406,0
DA:407,0
DA:410,0
DA:419,0
DA:420,0
DA:421,0
DA:422,0
DA:423,0
DA:424,0
DA:425,0
DA:427,0
DA:428,0
DA:429,0
DA:433,0
DA:434,0
DA:436,0
DA:437,0
DA:438,0
DA:439,0
DA:443,0
DA:444,0
DA:445,0
DA:446,0
DA:449,0
DA:450,0
DA:453,0
DA:454,0
DA:455,0
DA:456,0
DA:457,0
DA:458,0
DA:459,0
DA:463,0
DA:466,0
DA:467,0
DA:468,0
DA:470,0
DA:471,0
DA:474,0
DA:475,0
DA:478,0
DA:479,0
DA:483,0
DA:484,0
DA:485,0
DA:488,0
DA:489,0
DA:493,0
DA:494,0
DA:495,0
DA:498,0
DA:499,0
DA:502,0
DA:503,0
DA:504,0
DA:505,0
DA:506,0
DA:507,0
DA:508,0
DA:509,0
DA:510,0
DA:513,0
DA:520,0
DA:521,0
DA:522,0
DA:525,0
DA:526,0
DA:530,0
DA:531,0
DA:532,0
DA:536,0
DA:537,0
DA:538,0
DA:539,0
DA:540,0
DA:541,0
DA:542,0
DA:543,0
DA:544,0
DA:547,0
DA:548,0
DA:549,0
DA:550,0
DA:551,0
DA:552,0
DA:553,0
DA:554,0
DA:555,0
DA:558,0
DA:559,0
DA:560,0
DA:562,0
DA:563,0
DA:564,0
DA:565,0
DA:568,0
DA:569,0
DA:572,0
DA:573,0
DA:576,0
DA:577,0
DA:580,0
DA:581,0
DA:585,0
DA:586,0
DA:587,0
DA:590,0
DA:591,0
DA:592,0
DA:593,0
DA:595,0
DA:596,0
DA:597,0
DA:598,0
DA:599,0
DA:600,0
DA:601,0
DA:603,0
DA:604,0
DA:605,0
DA:606,0
DA:608,0
DA:609,0
DA:611,0
DA:612,0
DA:617,0
DA:620,0
DA:621,0
DA:623,0
DA:624,0
DA:625,0
DA:626,0
DA:627,0
DA:628,0
DA:629,0
DA:631,0
DA:632,0
DA:633,0
DA:634,0
DA:635,0
DA:637,0
DA:638,0
DA:640,0
DA:641,0
DA:642,0
DA:644,0
DA:647,0
DA:648,0
DA:649,0
DA:650,0
DA:651,0
DA:652,0
DA:653,0
DA:654,0
DA:655,0
DA:658,0
DA:659,0
DA:660,0
DA:661,0
DA:662,0
DA:665,0
DA:818,0
DA:819,0
LF:289
LH:0
BRDA:198,0,0,0
BRDA:198,0,1,0
BRDA:198,1,0,0
BRDA:198,1,1,0
BRDA:203,2,0,0
BRDA:203,2,1,0
BRDA:212,3,0,0
BRDA:212,3,1,0
BRDA:233,4,0,0
BRDA:233,4,1,0
BRDA:240,5,0,0
BRDA:240,5,1,0
BRDA:257,6,0,0
BRDA:257,6,1,0
BRDA:259,7,0,0
BRDA:259,7,1,0
BRDA:282,8,0,0
BRDA:282,8,1,0
BRDA:293,9,0,0
BRDA:293,9,1,0
BRDA:306,10,0,0
BRDA:306,10,1,0
BRDA:309,11,0,0
BRDA:309,11,1,0
BRDA:310,12,0,0
BRDA:310,12,1,0
BRDA:312,13,0,0
BRDA:312,13,1,0
BRDA:313,14,0,0
BRDA:313,14,1,0
BRDA:315,15,0,0
BRDA:315,15,1,0
BRDA:316,16,0,0
BRDA:316,16,1,0
BRDA:318,17,0,0
BRDA:318,17,1,0
BRDA:319,18,0,0
BRDA:319,18,1,0
BRDA:325,19,0,0
BRDA:325,19,1,0
BRDA:327,20,0,0
BRDA:327,20,1,0
BRDA:327,21,0,0
BRDA:327,21,1,0
BRDA:327,21,2,0
BRDA:330,22,0,0
BRDA:330,22,1,0
BRDA:332,23,0,0
BRDA:332,23,1,0
BRDA:332,24,0,0
BRDA:332,24,1,0
BRDA:337,25,0,0
BRDA:337,25,1,0
BRDA:343,26,0,0
BRDA:343,26,1,0
BRDA:343,27,0,0
BRDA:343,27,1,0
BRDA:344,28,0,0
BRDA:344,28,1,0
BRDA:345,29,0,0
BRDA:345,29,1,0
BRDA:347,30,0,0
BRDA:347,30,1,0
BRDA:348,31,0,0
BRDA:348,31,1,0
BRDA:350,32,0,0
BRDA:350,32,1,0
BRDA:351,33,0,0
BRDA:351,33,1,0
BRDA:357,34,0,0
BRDA:357,34,1,0
BRDA:357,35,0,0
BRDA:357,35,1,0
BRDA:357,35,2,0
BRDA:358,36,0,0
BRDA:358,36,1,0
BRDA:359,37,0,0
BRDA:359,37,1,0
BRDA:361,38,0,0
BRDA:361,38,1,0
BRDA:362,39,0,0
BRDA:362,39,1,0
BRDA:364,40,0,0
BRDA:364,40,1,0
BRDA:365,41,0,0
BRDA:365,41,1,0
BRDA:369,42,0,0
BRDA:369,42,1,0
BRDA:370,43,0,0
BRDA:370,43,1,0
BRDA:371,44,0,0
BRDA:371,44,1,0
BRDA:372,45,0,0
BRDA:372,45,1,0
BRDA:374,46,0,0
BRDA:374,46,1,0
BRDA:375,47,0,0
BRDA:375,47,1,0
BRDA:377,48,0,0
BRDA:377,48,1,0
BRDA:378,49,0,0
BRDA:378,49,1,0
BRDA:380,50,0,0
BRDA:380,50,1,0
BRDA:381,51,0,0
BRDA:381,51,1,0
BRDA:382,52,0,0
BRDA:382,52,1,0
BRDA:383,53,0,0
BRDA:383,53,1,0
BRDA:385,54,0,0
BRDA:385,54,1,0
BRDA:386,55,0,0
BRDA:386,55,1,0
BRDA:390,56,0,0
BRDA:390,56,1,0
BRDA:391,57,0,0
BRDA:391,57,1,0
BRDA:392,58,0,0
BRDA:392,58,1,0
BRDA:419,59,0,0
BRDA:419,59,1,0
BRDA:420,60,0,0
BRDA:420,60,1,0
BRDA:422,61,0,0
BRDA:422,61,1,0
BRDA:422,62,0,0
BRDA:422,62,1,0
BRDA:424,63,0,0
BRDA:424,63,1,0
BRDA:424,64,0,0
BRDA:424,64,1,0
BRDA:427,65,0,0
BRDA:427,65,1,0
BRDA:434,66,0,0
BRDA:434,66,1,0
BRDA:436,67,0,0
BRDA:436,67,1,0
BRDA:438,68,0,0
BRDA:438,68,1,0
BRDA:443,69,0,0
BRDA:443,69,1,0
BRDA:443,70,0,0
BRDA:443,70,1,0
BRDA:445,71,0,0
BRDA:445,71,1,0
BRDA:446,72,0,0
BRDA:446,72,1,0
BRDA:449,73,0,0
BRDA:449,73,1,0
BRDA:450,74,0,0
BRDA:450,74,1,0
BRDA:453,75,0,0
BRDA:453,75,1,0
BRDA:455,76,0,0
BRDA:455,76,1,0
BRDA:458,77,0,0
BRDA:458,77,1,0
BRDA:458,78,0,0
BRDA:458,78,1,0
BRDA:463,79,0,0
BRDA:463,79,1,0
BRDA:468,80,0,0
BRDA:468,80,1,0
BRDA:468,81,0,0
BRDA:468,81,1,0
BRDA:468,81,2,0
BRDA:468,81,3,0
BRDA:470,82,0,0
BRDA:470,82,1,0
BRDA:471,83,0,0
BRDA:471,83,1,0
BRDA:474,84,0,0
BRDA:474,84,1,0
BRDA:475,85,0,0
BRDA:475,85,1,0
BRDA:478,86,0,0
BRDA:478,86,1,0
BRDA:479,87,0,0
BRDA:479,87,1,0
BRDA:483,88,0,0
BRDA:483,88,1,0
BRDA:484,89,0,0
BRDA:484,89,1,0
BRDA:485,90,0,0
BRDA:485,90,1,0
BRDA:488,91,0,0
BRDA:488,91,1,0
BRDA:489,92,0,0
BRDA:489,92,1,0
BRDA:493,93,0,0
BRDA:493,93,1,0
BRDA:494,94,0,0
BRDA:494,94,1,0
BRDA:495,95,0,0
BRDA:495,95,1,0
BRDA:521,96,0,0
BRDA:521,96,1,0
BRDA:522,97,0,0
BRDA:522,97,1,0
BRDA:525,98,0,0
BRDA:525,98,1,0
BRDA:526,99,0,0
BRDA:526,99,1,0
BRDA:530,100,0,0
BRDA:530,100,1,0
BRDA:531,101,0,0
BRDA:531,101,1,0
BRDA:532,102,0,0
BRDA:532,102,1,0
BRDA:560,103,0,0
BRDA:560,103,1,0
BRDA:562,104,0,0
BRDA:562,104,1,0
BRDA:568,105,0,0
BRDA:568,105,1,0
BRDA:568,106,0,0
BRDA:568,106,1,0
BRDA:576,107,0,0
BRDA:576,107,1,0
BRDA:576,108,0,0
BRDA:576,108,1,0
BRDA:603,109,0,0
BRDA:603,109,1,0
BRDA:608,110,0,0
BRDA:608,110,1,0
BRDA:609,111,0,0
BRDA:609,111,1,0
BRDA:611,112,0,0
BRDA:611,112,1,0
BRDA:612,113,0,0
BRDA:612,113,1,0
BRDA:632,114,0,0
BRDA:632,114,1,0
BRDA:632,115,0,0
BRDA:632,115,1,0
BRDA:641,116,0,0
BRDA:641,116,1,0
BRDA:641,117,0,0
BRDA:641,117,1,0
BRDA:658,118,0,0
BRDA:658,118,1,0
BRDA:659,119,0,0
BRDA:659,119,1,0
BRDA:660,120,0,0
BRDA:660,120,1,0
BRDA:661,121,0,0
BRDA:661,121,1,0
BRDA:662,122,0,0
BRDA:662,122,1,0
BRDA:669,123,0,0
BRDA:669,123,1,0
BRF:252
BRH:0
end_of_record
TN:
SF:src/services/excel_export.service.ts
FN:6,(anonymous_1)
FN:48,(anonymous_2)
FN:88,(anonymous_3)
FN:94,(anonymous_4)
FN:97,(anonymous_5)
FN:99,(anonymous_6)
FN:100,(anonymous_7)
FN:280,(anonymous_8)
FN:297,(anonymous_9)
FN:315,(anonymous_10)
FN:334,(anonymous_11)
FNF:11
FNH:0
FNDA:0,(anonymous_1)
FNDA:0,(anonymous_2)
FNDA:0,(anonymous_3)
FNDA:0,(anonymous_4)
FNDA:0,(anonymous_5)
FNDA:0,(anonymous_6)
FNDA:0,(anonymous_7)
FNDA:0,(anonymous_8)
FNDA:0,(anonymous_9)
FNDA:0,(anonymous_10)
FNDA:0,(anonymous_11)
DA:1,0
DA:2,0
DA:5,0
DA:7,0
DA:10,0
DA:12,0
DA:13,0
DA:14,0
DA:17,0
DA:18,0
DA:21,0
DA:22,0
DA:23,0
DA:24,0
DA:26,0
DA:34,0
DA:35,0
DA:36,0
DA:37,0
DA:38,0
DA:39,0
DA:40,0
DA:41,0
DA:44,0
DA:48,0
DA:50,0
DA:51,0
DA:52,0
DA:53,0
DA:57,0
DA:58,0
DA:59,0
DA:60,0
DA:61,0
DA:62,0
DA:63,0
DA:65,0
DA:66,0
DA:67,0
DA:68,0
DA:69,0
DA:70,0
DA:71,0
DA:72,0
DA:73,0
DA:74,0
DA:75,0
DA:76,0
DA:77,0
DA:78,0
DA:79,0
DA:80,0
DA:81,0
DA:82,0
DA:83,0
DA:84,0
DA:86,0
DA:87,0
DA:88,0
DA:90,0
DA:91,0
DA:92,0
DA:93,0
DA:94,0
DA:95,0
DA:96,0
DA:97,0
DA:98,0
DA:99,0
DA:100,0
DA:101,0
DA:103,0
DA:106,0
DA:107,0
DA:108,0
DA:111,0
DA:112,0
DA:113,0
DA:114,0
DA:115,0
DA:116,0
DA:117,0
DA:118,0
DA:119,0
DA:120,0
DA:121,0
DA:122,0
DA:124,0
DA:125,0
DA:126,0
DA:127,0
DA:128,0
DA:129,0
DA:130,0
DA:131,0
DA:132,0
DA:133,0
DA:135,0
DA:136,0
DA:137,0
DA:138,0
DA:139,0
DA:140,0
DA:141,0
DA:142,0
DA:143,0
DA:144,0
DA:147,0
DA:148,0
DA:149,0
DA:150,0
DA:151,0
DA:152,0
DA:153,0
DA:154,0
DA:155,0
DA:156,0
DA:159,0
DA:160,0
DA:162,0
DA:163,0
DA:164,0
DA:165,0
DA:166,0
DA:167,0
DA:168,0
DA:169,0
DA:170,0
DA:171,0
DA:174,0
DA:175,0
DA:176,0
DA:177,0
DA:178,0
DA:179,0
DA:180,0
DA:181,0
DA:182,0
DA:183,0
DA:185,0
DA:186,0
DA:187,0
DA:188,0
DA:189,0
DA:190,0
DA:191,0
DA:192,0
DA:193,0
DA:194,0
DA:196,0
DA:197,0
DA:198,0
DA:199,0
DA:200,0
DA:201,0
DA:202,0
DA:203,0
DA:204,0
DA:205,0
DA:208,0
DA:210,0
DA:211,0
DA:212,0
DA:213,0
DA:214,0
DA:215,0
DA:216,0
DA:217,0
DA:218,0
DA:219,0
DA:221,0
DA:222,0
DA:223,0
DA:224,0
DA:225,0
DA:226,0
DA:227,0
DA:228,0
DA:229,0
DA:230,0
DA:232,0
DA:233,0
DA:234,0
DA:235,0
DA:236,0
DA:237,0
DA:238,0
DA:239,0
DA:240,0
DA:241,0
DA:243,0
DA:244,0
DA:245,0
DA:246,0
DA:247,0
DA:248,0
DA:249,0
DA:250,0
DA:251,0
DA:252,0
DA:255,0
DA:256,0
DA:257,0
DA:258,0
DA:259,0
DA:260,0
DA:261,0
DA:262,0
DA:263,0
DA:266,0
DA:267,0
DA:268,0
DA:271,0
DA:272,0
DA:273,0
DA:274,0
DA:275,0
DA:278,0
DA:279,0
DA:280,0
DA:283,0
DA:285,0
DA:286,0
DA:287,0
DA:288,0
DA:290,0
DA:291,0
DA:296,0
DA:297,0
DA:298,0
DA:303,0
DA:304,0
DA:305,0
DA:306,0
DA:307,0
DA:308,0
DA:309,0
DA:310,0
DA:311,0
DA:312,0
DA:314,0
DA:315,0
DA:316,0
DA:317,0
DA:318,0
DA:319,0
DA:322,0
DA:333,0
DA:334,0
DA:335,0
DA:336,0
DA:337,0
DA:338,0
DA:339,0
DA:340,0
DA:341,0
DA:342,0
DA:343,0
DA:345,0
DA:346,0
DA:347,0
DA:348,0
DA:349,0
DA:350,0
DA:351,0
DA:352,0
DA:356,0
DA:359,0
DA:360,0
DA:361,0
DA:362,0
DA:363,0
DA:364,0
DA:365,0
DA:366,0
DA:367,0
DA:369,0
DA:370,0
DA:371,0
DA:372,0
LF:280
LH:0
BRDA:12,0,0,0
BRDA:12,0,1,0
BRDA:271,1,0,0
BRDA:271,1,1,0
BRDA:272,2,0,0
BRDA:272,2,1,0
BRDA:273,3,0,0
BRDA:273,3,1,0
BRDA:274,4,0,0
BRDA:274,4,1,0
BRDA:275,5,0,0
BRDA:275,5,1,0
BRDA:290,6,0,0
BRDA:290,6,1,0
BRDA:290,7,0,0
BRDA:290,7,1,0
BRDA:290,7,2,0
BRDA:290,7,3,0
BRDA:290,7,4,0
BRDA:290,7,5,0
BRDA:290,7,6,0
BRDA:290,7,7,0
BRDA:291,8,0,0
BRDA:291,8,1,0
BRDA:298,9,0,0
BRDA:298,9,1,0
BRDA:348,10,0,0
BRDA:348,10,1,0
BRDA:348,11,0,0
BRDA:348,11,1,0
BRDA:348,11,2,0
BRDA:349,12,0,0
BRDA:349,12,1,0
BRDA:351,13,0,0
BRDA:351,13,1,0
BRF:35
BRH:0
end_of_record
TN:
SF:src/services/report_modification.service.ts
FN:6,(anonymous_1)
FN:30,(anonymous_2)
FNF:2
FNH:0
FNDA:0,(anonymous_1)
FNDA:0,(anonymous_2)
DA:2,0
DA:3,0
DA:5,0
DA:12,0
DA:13,0
DA:14,0
DA:21,0
DA:23,0
DA:25,0
DA:26,0
DA:29,0
DA:30,0
DA:32,0
DA:33,0
DA:34,0
DA:37,0
DA:39,0
DA:40,0
DA:41,0
DA:42,0
DA:49,0
LF:21
LH:0
BRDA:9,0,0,0
BRDA:13,1,0,0
BRDA:13,1,1,0
BRDA:13,2,0,0
BRDA:13,2,1,0
BRDA:23,3,0,0
BRDA:23,3,1,0
BRDA:25,4,0,0
BRDA:25,4,1,0
BRDA:33,5,0,0
BRDA:33,5,1,0
BRDA:39,6,0,0
BRDA:39,6,1,0
BRDA:41,7,0,0
BRDA:41,7,1,0
BRF:15
BRH:0
end_of_record
TN:
SF:src/services/report_validator.ts
FN:27,validateCargoAgainstVesselCapacity
FN:135,validateDepartureReport
FN:211,validateNoonReport
FN:286,validateArrivalReport
FN:355,validateBerthReport
FN:404,validateMachineryInput
FN:407,(anonymous_7)
FN:408,(anonymous_8)
FN:412,(anonymous_9)
FN:413,(anonymous_10)
FN:418,validateArrivalAnchorNoonReport
FNF:11
FNH:0
FNDA:0,validateCargoAgainstVesselCapacity
FNDA:0,validateDepartureReport
FNDA:0,validateNoonReport
FNDA:0,validateArrivalReport
FNDA:0,validateBerthReport
FNDA:0,validateMachineryInput
FNDA:0,(anonymous_7)
FNDA:0,(anonymous_8)
FNDA:0,(anonymous_9)
FNDA:0,(anonymous_10)
FNDA:0,validateArrivalAnchorNoonReport
DA:27,0
DA:32,0
DA:33,0
DA:36,0
DA:37,0
DA:38,0
DA:41,0
DA:42,0
DA:45,0
DA:46,0
DA:50,0
DA:61,0
DA:62,0
DA:63,0
DA:65,0
DA:67,0
DA:68,0
DA:70,0
DA:72,0
DA:73,0
DA:75,0
DA:77,0
DA:78,0
DA:80,0
DA:82,0
DA:83,0
DA:85,0
DA:88,0
DA:89,0
DA:91,0
DA:93,0
DA:95,0
DA:101,0
DA:104,0
DA:105,0
DA:108,0
DA:109,0
DA:111,0
DA:112,0
DA:114,0
DA:115,0
DA:117,0
DA:118,0
DA:121,0
DA:138,0
DA:145,0
DA:147,0
DA:153,0
DA:154,0
DA:158,0
DA:178,0
DA:179,0
DA:180,0
DA:182,0
DA:183,0
DA:185,0
DA:189,0
DA:190,0
DA:192,0
DA:193,0
DA:195,0
DA:196,0
DA:199,0
DA:200,0
DA:202,0
DA:203,0
DA:206,0
DA:213,0
DA:214,0
DA:222,0
DA:224,0
DA:225,0
DA:229,0
DA:230,0
DA:237,0
DA:241,0
DA:246,0
DA:247,0
DA:251,0
DA:254,0
DA:255,0
DA:259,0
DA:265,0
DA:266,0
DA:268,0
DA:269,0
DA:271,0
DA:272,0
DA:274,0
DA:275,0
DA:277,0
DA:278,0
DA:283,0
DA:288,0
DA:303,0
DA:304,0
DA:305,0
DA:307,0
DA:308,0
DA:310,0
DA:315,0
DA:316,0
DA:318,0
DA:319,0
DA:322,0
DA:323,0
DA:328,0
DA:329,0
DA:331,0
DA:332,0
DA:334,0
DA:335,0
DA:338,0
DA:339,0
DA:341,0
DA:342,0
DA:351,0
DA:357,0
DA:362,0
DA:363,0
DA:364,0
DA:370,0
DA:371,0
DA:372,0
DA:373,0
DA:379,0
DA:380,0
DA:382,0
DA:383,0
DA:390,0
DA:391,0
DA:393,0
DA:394,0
DA:396,0
DA:397,0
DA:406,0
DA:407,0
DA:408,0
DA:409,0
DA:411,0
DA:412,0
DA:413,0
DA:414,0
DA:420,0
DA:437,0
DA:438,0
DA:439,0
DA:441,0
DA:442,0
DA:447,0
DA:448,0
DA:450,0
DA:455,0
DA:456,0
DA:458,0
DA:459,0
DA:461,0
DA:462,0
DA:464,0
DA:465,0
DA:467,0
DA:468,0
DA:470,0
DA:471,0
DA:473,0
DA:474,0
DA:479,0
LF:167
LH:0
BRDA:32,0,0,0
BRDA:32,0,1,0
BRDA:32,1,0,0
BRDA:32,1,1,0
BRDA:36,2,0,0
BRDA:36,2,1,0
BRDA:36,3,0,0
BRDA:36,3,1,0
BRDA:41,4,0,0
BRDA:41,4,1,0
BRDA:45,5,0,0
BRDA:45,5,1,0
BRDA:54,6,0,0
BRDA:61,7,0,0
BRDA:61,7,1,0
BRDA:61,8,0,0
BRDA:61,8,1,0
BRDA:65,9,0,0
BRDA:65,9,1,0
BRDA:65,9,2,0
BRDA:65,9,3,0
BRDA:65,9,4,0
BRDA:67,10,0,0
BRDA:67,10,1,0
BRDA:67,11,0,0
BRDA:67,11,1,0
BRDA:72,12,0,0
BRDA:72,12,1,0
BRDA:72,13,0,0
BRDA:72,13,1,0
BRDA:77,14,0,0
BRDA:77,14,1,0
BRDA:77,15,0,0
BRDA:77,15,1,0
BRDA:82,16,0,0
BRDA:82,16,1,0
BRDA:82,17,0,0
BRDA:82,17,1,0
BRDA:88,18,0,0
BRDA:88,18,1,0
BRDA:93,19,0,0
BRDA:93,19,1,0
BRDA:93,20,0,0
BRDA:93,20,1,0
BRDA:101,21,0,0
BRDA:101,21,1,0
BRDA:101,21,2,0
BRDA:101,21,3,0
BRDA:101,21,4,0
BRDA:101,21,5,0
BRDA:145,22,0,0
BRDA:145,22,1,0
BRDA:147,23,0,0
BRDA:147,23,1,0
BRDA:147,23,2,0
BRDA:147,23,3,0
BRDA:147,23,4,0
BRDA:147,23,5,0
BRDA:147,23,6,0
BRDA:147,23,7,0
BRDA:147,23,8,0
BRDA:147,23,9,0
BRDA:153,24,0,0
BRDA:153,24,1,0
BRDA:180,25,0,0
BRDA:180,25,1,0
BRDA:180,26,0,0
BRDA:180,26,1,0
BRDA:180,26,2,0
BRDA:182,27,0,0
BRDA:182,27,1,0
BRDA:182,28,0,0
BRDA:182,28,1,0
BRDA:189,29,0,0
BRDA:189,29,1,0
BRDA:189,30,0,0
BRDA:189,30,1,0
BRDA:192,31,0,0
BRDA:192,31,1,0
BRDA:192,32,0,0
BRDA:192,32,1,0
BRDA:195,33,0,0
BRDA:195,33,1,0
BRDA:195,34,0,0
BRDA:195,34,1,0
BRDA:199,35,0,0
BRDA:199,35,1,0
BRDA:199,36,0,0
BRDA:199,36,1,0
BRDA:199,36,2,0
BRDA:202,37,0,0
BRDA:202,37,1,0
BRDA:202,38,0,0
BRDA:202,38,1,0
BRDA:202,38,2,0
BRDA:213,39,0,0
BRDA:213,39,1,0
BRDA:213,40,0,0
BRDA:213,40,1,0
BRDA:213,40,2,0
BRDA:222,41,0,0
BRDA:222,41,1,0
BRDA:224,42,0,0
BRDA:224,42,1,0
BRDA:224,43,0,0
BRDA:224,43,1,0
BRDA:225,44,0,0
BRDA:225,44,1,0
BRDA:229,45,0,0
BRDA:229,45,1,0
BRDA:230,46,0,0
BRDA:230,46,1,0
BRDA:237,47,0,0
BRDA:237,47,1,0
BRDA:237,48,0,0
BRDA:237,48,1,0
BRDA:237,48,2,0
BRDA:237,48,3,0
BRDA:237,48,4,0
BRDA:237,48,5,0
BRDA:237,48,6,0
BRDA:237,48,7,0
BRDA:237,48,8,0
BRDA:237,48,9,0
BRDA:237,48,10,0
BRDA:246,49,0,0
BRDA:246,49,1,0
BRDA:247,50,0,0
BRDA:247,50,1,0
BRDA:247,51,0,0
BRDA:247,51,1,0
BRDA:247,51,2,0
BRDA:247,51,3,0
BRDA:247,51,4,0
BRDA:247,51,5,0
BRDA:247,51,6,0
BRDA:247,51,7,0
BRDA:247,51,8,0
BRDA:254,52,0,0
BRDA:254,52,1,0
BRDA:255,53,0,0
BRDA:255,53,1,0
BRDA:255,54,0,0
BRDA:255,54,1,0
BRDA:255,54,2,0
BRDA:255,54,3,0
BRDA:255,54,4,0
BRDA:255,54,5,0
BRDA:255,54,6,0
BRDA:255,54,7,0
BRDA:255,54,8,0
BRDA:265,55,0,0
BRDA:265,55,1,0
BRDA:265,56,0,0
BRDA:265,56,1,0
BRDA:268,57,0,0
BRDA:268,57,1,0
BRDA:268,58,0,0
BRDA:268,58,1,0
BRDA:271,59,0,0
BRDA:271,59,1,0
BRDA:271,60,0,0
BRDA:271,60,1,0
BRDA:274,61,0,0
BRDA:274,61,1,0
BRDA:277,62,0,0
BRDA:277,62,1,0
BRDA:305,63,0,0
BRDA:305,63,1,0
BRDA:305,64,0,0
BRDA:305,64,1,0
BRDA:305,64,2,0
BRDA:307,65,0,0
BRDA:307,65,1,0
BRDA:307,66,0,0
BRDA:307,66,1,0
BRDA:315,67,0,0
BRDA:315,67,1,0
BRDA:318,68,0,0
BRDA:318,68,1,0
BRDA:322,69,0,0
BRDA:322,69,1,0
BRDA:328,70,0,0
BRDA:328,70,1,0
BRDA:328,71,0,0
BRDA:328,71,1,0
BRDA:331,72,0,0
BRDA:331,72,1,0
BRDA:331,73,0,0
BRDA:331,73,1,0
BRDA:334,74,0,0
BRDA:334,74,1,0
BRDA:334,75,0,0
BRDA:334,75,1,0
BRDA:338,76,0,0
BRDA:338,76,1,0
BRDA:338,77,0,0
BRDA:338,77,1,0
BRDA:338,77,2,0
BRDA:341,78,0,0
BRDA:341,78,1,0
BRDA:341,79,0,0
BRDA:341,79,1,0
BRDA:341,79,2,0
BRDA:363,80,0,0
BRDA:363,80,1,0
BRDA:363,81,0,0
BRDA:363,81,1,0
BRDA:363,81,2,0
BRDA:372,82,0,0
BRDA:372,82,1,0
BRDA:379,83,0,0
BRDA:379,83,1,0
BRDA:379,84,0,0
BRDA:379,84,1,0
BRDA:379,84,2,0
BRDA:382,85,0,0
BRDA:382,85,1,0
BRDA:382,86,0,0
BRDA:382,86,1,0
BRDA:382,86,2,0
BRDA:390,87,0,0
BRDA:390,87,1,0
BRDA:390,88,0,0
BRDA:390,88,1,0
BRDA:393,89,0,0
BRDA:393,89,1,0
BRDA:393,90,0,0
BRDA:393,90,1,0
BRDA:396,91,0,0
BRDA:396,91,1,0
BRDA:396,92,0,0
BRDA:396,92,1,0
BRDA:407,93,0,0
BRDA:407,93,1,0
BRDA:408,94,0,0
BRDA:408,94,1,0
BRDA:412,95,0,0
BRDA:412,95,1,0
BRDA:413,96,0,0
BRDA:413,96,1,0
BRDA:439,97,0,0
BRDA:439,97,1,0
BRDA:439,98,0,0
BRDA:439,98,1,0
BRDA:439,98,2,0
BRDA:439,98,3,0
BRDA:441,99,0,0
BRDA:441,99,1,0
BRDA:441,100,0,0
BRDA:441,100,1,0
BRDA:447,101,0,0
BRDA:447,101,1,0
BRDA:447,102,0,0
BRDA:447,102,1,0
BRDA:447,102,2,0
BRDA:447,102,3,0
BRDA:455,103,0,0
BRDA:455,103,1,0
BRDA:455,104,0,0
BRDA:455,104,1,0
BRDA:458,105,0,0
BRDA:458,105,1,0
BRDA:458,106,0,0
BRDA:458,106,1,0
BRDA:461,107,0,0
BRDA:461,107,1,0
BRDA:461,108,0,0
BRDA:461,108,1,0
BRDA:464,109,0,0
BRDA:464,109,1,0
BRDA:467,110,0,0
BRDA:467,110,1,0
BRDA:467,111,0,0
BRDA:467,111,1,0
BRDA:470,112,0,0
BRDA:470,112,1,0
BRDA:470,113,0,0
BRDA:470,113,1,0
BRDA:470,113,2,0
BRDA:473,114,0,0
BRDA:473,114,1,0
BRDA:473,115,0,0
BRDA:473,115,1,0
BRDA:473,115,2,0
BRF:285
BRH:0
end_of_record
TN:
SF:src/services/voyage.service.ts
FN:16,(anonymous_1)
FN:66,(anonymous_2)
FNF:2
FNH:0
FNDA:0,(anonymous_1)
FNDA:0,(anonymous_2)
DA:4,0
DA:5,0
DA:8,0
DA:18,0
DA:20,0
DA:22,0
DA:26,0
DA:27,0
DA:32,0
DA:33,0
DA:34,0
DA:36,0
DA:41,0
DA:42,0
DA:43,0
DA:44,0
DA:45,0
DA:47,0
DA:51,0
DA:53,0
DA:55,0
DA:57,0
DA:59,0
DA:61,0
DA:62,0
DA:67,0
DA:69,0
DA:71,0
DA:72,0
DA:74,0
DA:76,0
DA:80,0
DA:82,0
DA:84,0
DA:87,0
DA:88,0
DA:95,0
DA:96,0
DA:101,0
LF:39
LH:0
BRDA:20,0,0,0
BRDA:20,0,1,0
BRDA:26,1,0,0
BRDA:26,1,1,0
BRDA:26,2,0,0
BRDA:26,2,1,0
BRDA:32,3,0,0
BRDA:32,3,1,0
BRDA:34,4,0,0
BRDA:34,4,1,0
BRDA:34,5,0,0
BRDA:34,5,1,0
BRDA:41,6,0,0
BRDA:41,6,1,0
BRDA:42,7,0,0
BRDA:42,7,1,0
BRDA:44,8,0,0
BRDA:44,8,1,0
BRDA:51,9,0,0
BRDA:51,9,1,0
BRDA:51,9,2,0
BRDA:51,9,3,0
BRDA:51,9,4,0
BRDA:71,10,0,0
BRDA:71,10,1,0
BRDA:76,11,0,0
BRDA:76,11,1,0
BRDA:76,12,0,0
BRDA:76,12,1,0
BRDA:80,13,0,0
BRDA:80,13,1,0
BRDA:82,14,0,0
BRDA:82,14,1,0
BRDA:84,15,0,0
BRDA:84,15,1,0
BRF:35
BRH:0
end_of_record
TN:
SF:src/services/voyage_lifecycle.service.ts
FN:11,(anonymous_1)
FN:63,(anonymous_2)
FN:82,(anonymous_3)
FN:85,(anonymous_4)
FN:114,(anonymous_5)
FN:133,(anonymous_6)
FN:148,(anonymous_7)
FN:149,(anonymous_8)
FN:162,(anonymous_9)
FN:163,(anonymous_10)
FN:170,(anonymous_11)
FN:172,(anonymous_12)
FN:184,(anonymous_13)
FN:217,(anonymous_14)
FN:228,(anonymous_15)
FNF:15
FNH:0
FNDA:0,(anonymous_1)
FNDA:0,(anonymous_2)
FNDA:0,(anonymous_3)
FNDA:0,(anonymous_4)
FNDA:0,(anonymous_5)
FNDA:0,(anonymous_6)
FNDA:0,(anonymous_7)
FNDA:0,(anonymous_8)
FNDA:0,(anonymous_9)
FNDA:0,(anonymous_10)
FNDA:0,(anonymous_11)
FNDA:0,(anonymous_12)
FNDA:0,(anonymous_13)
FNDA:0,(anonymous_14)
FNDA:0,(anonymous_15)
DA:2,0
DA:3,0
DA:4,0
DA:11,0
DA:16,0
DA:17,0
DA:18,0
DA:19,0
DA:20,0
DA:21,0
DA:23,0
DA:24,0
DA:27,0
DA:28,0
DA:30,0
DA:31,0
DA:32,0
DA:33,0
DA:34,0
DA:35,0
DA:37,0
DA:39,0
DA:40,0
DA:43,0
DA:44,0
DA:62,0
DA:69,0
DA:70,0
DA:71,0
DA:74,0
DA:75,0
DA:76,0
DA:77,0
DA:78,0
DA:81,0
DA:82,0
DA:84,0
DA:85,0
DA:86,0
DA:89,0
DA:90,0
DA:92,0
DA:93,0
DA:94,0
DA:95,0
DA:96,0
DA:97,0
DA:101,0
DA:102,0
DA:103,0
DA:106,0
DA:108,0
DA:109,0
DA:110,0
DA:112,0
DA:113,0
DA:114,0
DA:117,0
DA:118,0
DA:119,0
DA:121,0
DA:125,0
DA:126,0
DA:128,0
DA:129,0
DA:134,0
DA:135,0
DA:136,0
DA:138,0
DA:140,0
DA:141,0
DA:142,0
DA:143,0
DA:144,0
DA:147,0
DA:148,0
DA:149,0
DA:151,0
DA:152,0
DA:153,0
DA:156,0
DA:157,0
DA:159,0
DA:161,0
DA:162,0
DA:163,0
DA:165,0
DA:166,0
DA:167,0
DA:170,0
DA:171,0
DA:172,0
DA:175,0
DA:176,0
DA:177,0
DA:180,0
DA:182,0
DA:183,0
DA:184,0
DA:187,0
DA:188,0
DA:189,0
DA:191,0
DA:192,0
DA:196,0
DA:212,0
DA:213,0
DA:222,0
DA:223,0
DA:225,0
DA:227,0
DA:228,0
DA:230,0
DA:231,0
DA:232,0
DA:233,0
DA:234,0
DA:236,0
DA:239,0
DA:242,0
DA:250,0
DA:251,0
DA:253,0
DA:254,0
DA:255,0
DA:256,0
DA:258,0
DA:260,0
DA:261,0
DA:265,0
LF:130
LH:0
BRDA:16,0,0,0
BRDA:16,0,1,0
BRDA:16,1,0,0
BRDA:16,1,1,0
BRDA:19,2,0,0
BRDA:19,2,1,0
BRDA:27,3,0,0
BRDA:27,3,1,0
BRDA:27,4,0,0
BRDA:27,4,1,0
BRDA:30,5,0,0
BRDA:30,5,1,0
BRDA:30,6,0,0
BRDA:30,6,1,0
BRDA:33,7,0,0
BRDA:33,7,1,0
BRDA:67,8,0,0
BRDA:69,9,0,0
BRDA:69,9,1,0
BRDA:69,10,0,0
BRDA:69,10,1,0
BRDA:76,11,0,0
BRDA:76,11,1,0
BRDA:76,12,0,0
BRDA:76,12,1,0
BRDA:94,13,0,0
BRDA:94,13,1,0
BRDA:101,14,0,0
BRDA:101,14,1,0
BRDA:114,15,0,0
BRDA:114,15,1,0
BRDA:117,16,0,0
BRDA:117,16,1,0
BRDA:133,17,0,0
BRDA:134,18,0,0
BRDA:134,18,1,0
BRDA:142,19,0,0
BRDA:142,19,1,0
BRDA:142,20,0,0
BRDA:142,20,1,0
BRDA:151,21,0,0
BRDA:151,21,1,0
BRDA:165,22,0,0
BRDA:165,22,1,0
BRDA:171,23,0,0
BRDA:171,23,1,0
BRDA:175,24,0,0
BRDA:175,24,1,0
BRDA:184,25,0,0
BRDA:184,25,1,0
BRDA:187,26,0,0
BRDA:187,26,1,0
BRDA:187,27,0,0
BRDA:187,27,1,0
BRDA:191,28,0,0
BRDA:191,28,1,0
BRDA:200,29,0,0
BRDA:200,29,1,0
BRDA:201,30,0,0
BRDA:201,30,1,0
BRDA:202,31,0,0
BRDA:202,31,1,0
BRDA:203,32,0,0
BRDA:203,32,1,0
BRDA:204,33,0,0
BRDA:204,33,1,0
BRDA:205,34,0,0
BRDA:205,34,1,0
BRDA:206,35,0,0
BRDA:206,35,1,0
BRDA:207,36,0,0
BRDA:207,36,1,0
BRDA:220,37,0,0
BRDA:222,38,0,0
BRDA:222,38,1,0
BRDA:222,39,0,0
BRDA:222,39,1,0
BRDA:222,39,2,0
BRDA:230,40,0,0
BRDA:230,40,1,0
BRDA:233,41,0,0
BRDA:233,41,1,0
BRDA:253,42,0,0
BRDA:253,42,1,0
BRDA:253,43,0,0
BRDA:253,43,1,0
BRDA:255,44,0,0
BRDA:255,44,1,0
BRDA:260,45,0,0
BRDA:260,45,1,0
BRF:90
BRH:0
end_of_record
TN:
SF:src/services/report/index.ts
FN:23,(anonymous_0)
FN:30,(anonymous_1)
FN:34,(anonymous_2)
FN:38,(anonymous_3)
FN:42,(anonymous_4)
FN:46,(anonymous_5)
FN:50,(anonymous_6)
FN:54,(anonymous_7)
FN:58,(anonymous_8)
FNF:9
FNH:0
FNDA:0,(anonymous_0)
FNDA:0,(anonymous_1)
FNDA:0,(anonymous_2)
FNDA:0,(anonymous_3)
FNDA:0,(anonymous_4)
FNDA:0,(anonymous_5)
FNDA:0,(anonymous_6)
FNDA:0,(anonymous_7)
FNDA:0,(anonymous_8)
DA:9,0
DA:10,0
DA:11,0
DA:12,0
DA:13,0
DA:15,0
DA:24,0
DA:25,0
DA:26,0
DA:27,0
DA:31,0
DA:35,0
DA:39,0
DA:43,0
DA:47,0
DA:51,0
DA:55,0
DA:61,0
DA:69,0
LF:19
LH:0
BRF:0
BRH:0
end_of_record
TN:
SF:src/services/report/report-query.service.ts
FN:18,(anonymous_1)
FN:55,(anonymous_2)
FN:94,(anonymous_3)
FN:99,(anonymous_4)
FN:105,(anonymous_5)
FNF:5
FNH:0
FNDA:0,(anonymous_1)
FNDA:0,(anonymous_2)
FNDA:0,(anonymous_3)
FNDA:0,(anonymous_4)
FNDA:0,(anonymous_5)
DA:9,0
DA:10,0
DA:11,0
DA:12,0
DA:13,0
DA:17,0
DA:19,0
DA:20,0
DA:21,0
DA:23,0
DA:24,0
DA:27,0
DA:29,0
DA:30,0
DA:31,0
DA:34,0
DA:35,0
DA:37,0
DA:45,0
DA:63,0
DA:64,0
DA:65,0
DA:66,0
DA:67,0
DA:69,0
DA:73,0
DA:91,0
DA:95,0
DA:96,0
DA:100,0
DA:101,0
DA:102,0
DA:106,0
DA:107,0
LF:34
LH:0
BRDA:21,0,0,0
BRDA:21,0,1,0
BRDA:23,1,0,0
BRDA:23,1,1,0
BRDA:23,2,0,0
BRDA:23,2,1,0
BRDA:27,3,0,0
BRDA:27,3,1,0
BRDA:31,4,0,0
BRDA:31,4,1,0
BRDA:50,5,0,0
BRDA:50,5,1,0
BRDA:51,6,0,0
BRDA:51,6,1,0
BRDA:65,7,0,0
BRDA:65,7,1,0
BRDA:65,8,0,0
BRDA:65,8,1,0
BRDA:77,9,0,0
BRDA:77,9,1,0
BRDA:78,10,0,0
BRDA:78,10,1,0
BRDA:79,11,0,0
BRDA:79,11,1,0
BRDA:79,11,2,0
BRDA:79,12,0,0
BRDA:79,12,1,0
BRDA:80,13,0,0
BRDA:80,13,1,0
BRDA:82,14,0,0
BRDA:82,14,1,0
BRDA:82,14,2,0
BRDA:82,15,0,0
BRDA:82,15,1,0
BRDA:83,16,0,0
BRDA:83,16,1,0
BRDA:85,17,0,0
BRDA:85,17,1,0
BRDA:85,17,2,0
BRDA:85,18,0,0
BRDA:85,18,1,0
BRDA:86,19,0,0
BRDA:86,19,1,0
BRDA:89,20,0,0
BRDA:89,20,1,0
BRF:45
BRH:0
end_of_record
TN:
SF:src/services/report/report-resubmission.service.ts
FN:36,(anonymous_1)
FN:48,(anonymous_3)
FNF:2
FNH:0
FNDA:0,(anonymous_1)
FNDA:0,(anonymous_3)
DA:1,0
DA:12,0
DA:13,0
DA:14,0
DA:15,0
DA:16,0
DA:19,0
DA:21,0
DA:22,0
DA:33,0
DA:37,0
DA:45,0
DA:46,0
DA:48,0
DA:49,0
DA:50,0
DA:51,0
DA:53,0
DA:55,0
DA:56,0
DA:58,0
DA:59,0
DA:61,0
DA:62,0
DA:64,0
DA:66,0
DA:67,0
DA:68,0
DA:71,0
DA:72,0
DA:74,0
DA:75,0
DA:76,0
DA:77,0
DA:84,0
DA:85,0
DA:93,0
DA:94,0
DA:102,0
DA:103,0
DA:104,0
DA:105,0
DA:113,0
DA:114,0
DA:115,0
DA:123,0
DA:128,0
DA:130,0
DA:131,0
DA:138,0
DA:139,0
DA:141,0
DA:142,0
DA:143,0
DA:144,0
DA:150,0
DA:151,0
DA:156,0
DA:157,0
DA:158,0
DA:159,0
DA:160,0
DA:161,0
DA:162,0
DA:164,0
DA:165,0
DA:166,0
DA:167,0
DA:168,0
DA:169,0
DA:170,0
DA:171,0
DA:172,0
DA:173,0
DA:175,0
DA:176,0
DA:177,0
DA:179,0
DA:180,0
DA:181,0
DA:184,0
DA:185,0
DA:186,0
DA:188,0
DA:191,0
DA:192,0
DA:193,0
DA:194,0
DA:195,0
DA:196,0
DA:198,0
DA:199,0
DA:200,0
DA:202,0
LF:94
LH:0
BRDA:50,0,0,0
BRDA:50,0,1,0
BRDA:50,1,0,0
BRDA:50,1,1,0
BRDA:55,2,0,0
BRDA:55,2,1,0
BRDA:58,3,0,0
BRDA:58,3,1,0
BRDA:61,4,0,0
BRDA:61,4,1,0
BRDA:67,5,0,0
BRDA:67,5,1,0
BRDA:74,6,0,0
BRDA:74,6,1,0
BRDA:76,7,0,0
BRDA:76,7,1,0
BRDA:78,8,0,0
BRDA:78,8,1,0
BRDA:79,9,0,0
BRDA:79,9,1,0
BRDA:80,10,0,0
BRDA:80,10,1,0
BRDA:81,11,0,0
BRDA:81,11,1,0
BRDA:82,12,0,0
BRDA:82,12,1,0
BRDA:84,13,0,0
BRDA:84,13,1,0
BRDA:86,14,0,0
BRDA:86,14,1,0
BRDA:87,15,0,0
BRDA:87,15,1,0
BRDA:88,16,0,0
BRDA:88,16,1,0
BRDA:89,17,0,0
BRDA:89,17,1,0
BRDA:90,18,0,0
BRDA:90,18,1,0
BRDA:95,19,0,0
BRDA:95,19,1,0
BRDA:96,20,0,0
BRDA:96,20,1,0
BRDA:97,21,0,0
BRDA:97,21,1,0
BRDA:98,22,0,0
BRDA:98,22,1,0
BRDA:99,23,0,0
BRDA:99,23,1,0
BRDA:102,24,0,0
BRDA:102,24,1,0
BRDA:104,25,0,0
BRDA:104,25,1,0
BRDA:104,26,0,0
BRDA:104,26,1,0
BRDA:106,27,0,0
BRDA:106,27,1,0
BRDA:107,28,0,0
BRDA:107,28,1,0
BRDA:108,29,0,0
BRDA:108,29,1,0
BRDA:109,30,0,0
BRDA:109,30,1,0
BRDA:110,31,0,0
BRDA:110,31,1,0
BRDA:114,32,0,0
BRDA:114,32,1,0
BRDA:114,33,0,0
BRDA:114,33,1,0
BRDA:116,34,0,0
BRDA:116,34,1,0
BRDA:117,35,0,0
BRDA:117,35,1,0
BRDA:118,36,0,0
BRDA:118,36,1,0
BRDA:119,37,0,0
BRDA:119,37,1,0
BRDA:120,38,0,0
BRDA:120,38,1,0
BRDA:141,39,0,0
BRDA:141,39,1,0
BRDA:141,40,0,0
BRDA:141,40,1,0
BRDA:143,41,0,0
BRDA:143,41,1,0
BRDA:143,42,0,0
BRDA:143,42,1,0
BRDA:150,43,0,0
BRDA:150,43,1,0
BRDA:175,44,0,0
BRDA:175,44,1,0
BRDA:175,45,0,0
BRDA:175,45,1,0
BRDA:179,46,0,0
BRDA:179,46,1,0
BRDA:185,47,0,0
BRDA:185,47,1,0
BRF:96
BRH:0
end_of_record
TN:
SF:src/services/report/report-review.service.ts
FN:17,(anonymous_1)
FN:21,(anonymous_2)
FN:87,(anonymous_3)
FNF:3
FNH:0
FNDA:0,(anonymous_1)
FNDA:0,(anonymous_2)
FNDA:0,(anonymous_3)
DA:1,0
DA:9,0
DA:10,0
DA:11,0
DA:12,0
DA:14,0
DA:18,0
DA:26,0
DA:27,0
DA:28,0
DA:30,0
DA:31,0
DA:32,0
DA:34,0
DA:35,0
DA:38,0
DA:39,0
DA:40,0
DA:42,0
DA:43,0
DA:44,0
DA:45,0
DA:46,0
DA:48,0
DA:51,0
DA:54,0
DA:55,0
DA:56,0
DA:58,0
DA:65,0
DA:66,0
DA:68,0
DA:69,0
DA:70,0
DA:73,0
DA:74,0
DA:75,0
DA:77,0
DA:78,0
DA:79,0
DA:86,0
DA:87,0
DA:89,0
DA:90,0
DA:91,0
DA:92,0
DA:93,0
DA:96,0
DA:101,0
DA:103,0
DA:104,0
DA:107,0
DA:108,0
DA:110,0
DA:111,0
DA:112,0
DA:114,0
LF:57
LH:0
BRDA:31,0,0,0
BRDA:31,0,1,0
BRDA:34,1,0,0
BRDA:34,1,1,0
BRDA:38,2,0,0
BRDA:38,2,1,0
BRDA:38,3,0,0
BRDA:38,3,1,0
BRDA:43,4,0,0
BRDA:43,4,1,0
BRDA:43,5,0,0
BRDA:43,5,1,0
BRDA:43,5,2,0
BRDA:44,6,0,0
BRDA:44,6,1,0
BRDA:55,7,0,0
BRDA:55,7,1,0
BRDA:55,8,0,0
BRDA:55,8,1,0
BRDA:55,8,2,0
BRDA:55,8,3,0
BRDA:55,8,4,0
BRDA:69,9,0,0
BRDA:69,9,1,0
BRDA:74,10,0,0
BRDA:74,10,1,0
BRDA:77,11,0,0
BRDA:77,11,1,0
BRDA:87,12,0,0
BRDA:87,12,1,0
BRDA:89,13,0,0
BRDA:89,13,1,0
BRDA:91,14,0,0
BRDA:91,14,1,0
BRDA:103,15,0,0
BRDA:103,15,1,0
BRF:36
BRH:0
end_of_record
TN:
SF:src/services/report/report-submission.service.ts
FN:43,(anonymous_1)
FN:49,(anonymous_2)
FN:188,(anonymous_3)
FNF:3
FNH:0
FNDA:0,(anonymous_1)
FNDA:0,(anonymous_2)
FNDA:0,(anonymous_3)
DA:1,0
DA:2,0
DA:23,0
DA:24,0
DA:25,0
DA:26,0
DA:27,0
DA:29,0
DA:30,0
DA:33,0
DA:34,0
DA:35,0
DA:36,0
DA:37,0
DA:38,0
DA:40,0
DA:46,0
DA:53,0
DA:56,0
DA:59,0
DA:60,0
DA:63,0
DA:64,0
DA:65,0
DA:66,0
DA:68,0
DA:70,0
DA:71,0
DA:72,0
DA:74,0
DA:75,0
DA:76,0
DA:78,0
DA:79,0
DA:81,0
DA:82,0
DA:87,0
DA:89,0
DA:90,0
DA:92,0
DA:93,0
DA:94,0
DA:95,0
DA:97,0
DA:98,0
DA:99,0
DA:101,0
DA:102,0
DA:103,0
DA:105,0
DA:106,0
DA:108,0
DA:109,0
DA:112,0
DA:113,0
DA:122,0
DA:127,0
DA:128,0
DA:130,0
DA:133,0
DA:134,0
DA:136,0
DA:137,0
DA:138,0
DA:141,0
DA:142,0
DA:145,0
DA:148,0
DA:151,0
DA:152,0
DA:153,0
DA:154,0
DA:157,0
DA:165,0
DA:172,0
DA:175,0
DA:183,0
DA:185,0
DA:186,0
DA:187,0
DA:188,0
DA:190,0
DA:194,0
DA:199,0
DA:200,0
DA:201,0
DA:210,0
DA:220,0
DA:228,0
DA:229,0
DA:230,0
DA:234,0
DA:235,0
DA:240,0
DA:242,0
DA:243,0
DA:245,0
DA:248,0
DA:250,0
DA:252,0
DA:253,0
DA:254,0
DA:257,0
DA:258,0
DA:259,0
DA:262,0
DA:263,0
DA:264,0
DA:265,0
DA:269,0
DA:271,0
DA:272,0
DA:274,0
DA:275,0
DA:276,0
DA:278,0
LF:116
LH:0
BRDA:60,0,0,0
BRDA:60,0,1,0
BRDA:70,1,0,0
BRDA:70,1,1,0
BRDA:72,2,0,0
BRDA:72,2,1,0
BRDA:75,3,0,0
BRDA:75,3,1,0
BRDA:75,4,0,0
BRDA:75,4,1,0
BRDA:78,5,0,0
BRDA:78,5,1,0
BRDA:78,6,0,0
BRDA:78,6,1,0
BRDA:81,7,0,0
BRDA:81,7,1,0
BRDA:81,8,0,0
BRDA:81,8,1,0
BRDA:89,9,0,0
BRDA:89,9,1,0
BRDA:93,10,0,0
BRDA:93,10,1,0
BRDA:97,11,0,0
BRDA:97,11,1,0
BRDA:98,12,0,0
BRDA:98,12,1,0
BRDA:99,13,0,0
BRDA:99,13,1,0
BRDA:102,14,0,0
BRDA:102,14,1,0
BRDA:102,15,0,0
BRDA:102,15,1,0
BRDA:105,16,0,0
BRDA:105,16,1,0
BRDA:108,17,0,0
BRDA:108,17,1,0
BRDA:112,18,0,0
BRDA:112,18,1,0
BRDA:114,19,0,0
BRDA:114,19,1,0
BRDA:114,20,0,0
BRDA:114,20,1,0
BRDA:114,21,0,0
BRDA:114,21,1,0
BRDA:123,22,0,0
BRDA:123,22,1,0
BRDA:127,23,0,0
BRDA:127,23,1,0
BRDA:127,24,0,0
BRDA:127,24,1,0
BRDA:133,25,0,0
BRDA:133,25,1,0
BRDA:141,26,0,0
BRDA:141,26,1,0
BRDA:141,27,0,0
BRDA:141,27,1,0
BRDA:145,28,0,0
BRDA:145,28,1,0
BRDA:145,29,0,0
BRDA:145,29,1,0
BRDA:148,30,0,0
BRDA:148,30,1,0
BRDA:152,31,0,0
BRDA:152,31,1,0
BRDA:152,32,0,0
BRDA:152,32,1,0
BRDA:154,33,0,0
BRDA:154,33,1,0
BRDA:172,34,0,0
BRDA:172,34,1,0
BRDA:173,35,0,0
BRDA:173,35,1,0
BRDA:177,36,0,0
BRDA:177,36,1,0
BRDA:178,37,0,0
BRDA:178,37,1,0
BRDA:178,38,0,0
BRDA:178,38,1,0
BRDA:178,38,2,0
BRDA:178,38,3,0
BRDA:186,39,0,0
BRDA:186,39,1,0
BRDA:200,40,0,0
BRDA:200,40,1,0
BRDA:200,41,0,0
BRDA:200,41,1,0
BRDA:234,42,0,0
BRDA:234,42,1,0
BRDA:242,43,0,0
BRDA:242,43,1,0
BRDA:252,44,0,0
BRDA:252,44,1,0
BRDA:252,45,0,0
BRDA:252,45,1,0
BRDA:253,46,0,0
BRDA:253,46,1,0
BRDA:257,47,0,0
BRDA:257,47,1,0
BRDA:258,48,0,0
BRDA:258,48,1,0
BRDA:262,49,0,0
BRDA:262,49,1,0
BRDA:264,50,0,0
BRDA:264,50,1,0
BRDA:264,51,0,0
BRDA:264,51,1,0
BRF:106
BRH:0
end_of_record
TN:
SF:src/services/report/helpers/cargo-calculator.ts
FN:40,(anonymous_2)
FN:63,(anonymous_3)
FN:64,(anonymous_4)
FN:89,(anonymous_5)
FN:109,(anonymous_6)
FN:114,(anonymous_7)
FN:117,(anonymous_8)
FN:138,(anonymous_9)
FNF:8
FNH:0
FNDA:0,(anonymous_2)
FNDA:0,(anonymous_3)
FNDA:0,(anonymous_4)
FNDA:0,(anonymous_5)
FNDA:0,(anonymous_6)
FNDA:0,(anonymous_7)
FNDA:0,(anonymous_8)
FNDA:0,(anonymous_9)
DA:2,1
DA:5,1
DA:8,1
DA:18,12
DA:19,2
DA:22,10
DA:23,2
DA:24,2
DA:27,8
DA:28,1
DA:31,7
DA:32,2
DA:47,0
DA:49,0
DA:50,0
DA:52,0
DA:53,0
DA:54,0
DA:55,0
DA:56,0
DA:59,0
DA:62,0
DA:63,0
DA:64,0
DA:66,0
DA:67,0
DA:68,0
DA:69,0
DA:70,0
DA:72,0
DA:74,0
DA:75,0
DA:77,0
DA:79,0
DA:81,0
DA:82,0
DA:95,0
DA:96,0
DA:99,0
DA:100,0
DA:102,0
DA:103,0
DA:105,0
DA:108,0
DA:110,0
DA:114,0
DA:116,0
DA:117,0
DA:119,0
DA:120,0
DA:121,0
DA:122,0
DA:125,0
DA:126,0
DA:127,0
DA:128,0
DA:129,0
DA:132,0
DA:135,0
DA:138,0
DA:139,0
DA:140,0
DA:141,0
DA:142,0
DA:143,0
DA:144,0
DA:148,0
DA:149,0
DA:151,0
DA:153,0
DA:158,0
DA:159,0
LF:72
LH:12
BRDA:18,0,0,2
BRDA:18,0,1,10
BRDA:18,1,0,12
BRDA:18,1,1,11
BRDA:22,2,0,2
BRDA:22,2,1,8
BRDA:22,3,0,10
BRDA:22,3,1,9
BRDA:27,4,0,1
BRDA:27,4,1,7
BRDA:31,5,0,2
BRDA:31,5,1,5
BRDA:45,6,0,0
BRDA:52,7,0,0
BRDA:52,7,1,0
BRDA:52,8,0,0
BRDA:52,8,1,0
BRDA:54,9,0,0
BRDA:54,9,1,0
BRDA:63,10,0,0
BRDA:63,10,1,0
BRDA:63,10,2,0
BRDA:67,11,0,0
BRDA:67,11,1,0
BRDA:68,12,0,0
BRDA:68,12,1,0
BRDA:74,13,0,0
BRDA:74,13,1,0
BRDA:75,14,0,0
BRDA:75,14,1,0
BRDA:93,15,0,0
BRDA:95,16,0,0
BRDA:95,16,1,0
BRDA:95,17,0,0
BRDA:95,17,1,0
BRDA:102,18,0,0
BRDA:102,18,1,0
BRDA:102,19,0,0
BRDA:102,19,1,0
BRDA:103,20,0,0
BRDA:103,20,1,0
BRDA:110,21,0,0
BRDA:110,21,1,0
BRDA:110,21,2,0
BRDA:119,22,0,0
BRDA:119,22,1,0
BRDA:119,23,0,0
BRDA:119,23,1,0
BRDA:121,24,0,0
BRDA:121,24,1,0
BRDA:126,25,0,0
BRDA:126,25,1,0
BRDA:126,26,0,0
BRDA:126,26,1,0
BRDA:128,27,0,0
BRDA:128,27,1,0
BRDA:139,28,0,0
BRDA:139,28,1,0
BRDA:141,29,0,0
BRDA:141,29,1,0
BRDA:142,30,0,0
BRDA:142,30,1,0
BRDA:148,31,0,0
BRDA:148,31,1,0
BRDA:148,32,0,0
BRDA:148,32,1,0
BRDA:149,33,0,0
BRDA:149,33,1,0
BRDA:149,34,0,0
BRDA:149,34,1,0
BRF:70
BRH:12
end_of_record
TN:
SF:src/services/report/helpers/performance-calculator.ts
FN:18,(anonymous_1)
FN:36,(anonymous_2)
FNF:2
FNH:2
FNDA:25,(anonymous_1)
FNDA:13,(anonymous_2)
DA:3,1
DA:16,8
DA:18,8
DA:20,25
DA:21,14
DA:23,11
DA:26,8
DA:40,13
DA:41,13
DA:43,13
DA:44,5
DA:46,8
LF:12
LH:12
BRDA:16,0,0,8
BRDA:16,0,1,2
BRDA:20,1,0,14
BRDA:20,1,1,11
BRDA:20,2,0,25
BRDA:20,2,1,21
BRDA:20,2,2,18
BRDA:40,3,0,13
BRDA:40,3,1,2
BRDA:41,4,0,13
BRDA:41,4,1,2
BRDA:43,5,0,5
BRDA:43,5,1,8
BRDA:43,6,0,13
BRDA:43,6,1,9
BRF:15
BRH:15
end_of_record
TN:
SF:src/services/report/helpers/report-builder.ts
FN:110,(anonymous_0)
FN:259,(anonymous_1)
FN:284,(anonymous_2)
FN:318,(anonymous_3)
FN:337,(anonymous_4)
FN:358,(anonymous_5)
FNF:6
FNH:0
FNDA:0,(anonymous_0)
FNDA:0,(anonymous_1)
FNDA:0,(anonymous_2)
FNDA:0,(anonymous_3)
FNDA:0,(anonymous_4)
FNDA:0,(anonymous_5)
DA:109,0
DA:117,0
DA:176,0
DA:177,0
DA:178,0
DA:179,0
DA:180,0
DA:182,0
DA:183,0
DA:184,0
DA:185,0
DA:186,0
DA:187,0
DA:188,0
DA:189,0
DA:190,0
DA:191,0
DA:192,0
DA:193,0
DA:194,0
DA:195,0
DA:196,0
DA:197,0
DA:198,0
DA:199,0
DA:200,0
DA:201,0
DA:202,0
DA:204,0
DA:206,0
DA:207,0
DA:208,0
DA:209,0
DA:210,0
DA:211,0
DA:213,0
DA:215,0
DA:216,0
DA:217,0
DA:218,0
DA:219,0
DA:220,0
DA:221,0
DA:222,0
DA:224,0
DA:225,0
DA:226,0
DA:227,0
DA:228,0
DA:229,0
DA:230,0
DA:231,0
DA:232,0
DA:233,0
DA:234,0
DA:235,0
DA:236,0
DA:237,0
DA:238,0
DA:239,0
DA:240,0
DA:241,0
DA:242,0
DA:243,0
DA:244,0
DA:246,0
DA:248,0
DA:249,0
DA:250,0
DA:253,0
DA:254,0
DA:256,0
DA:260,0
DA:285,0
DA:319,0
DA:338,0
DA:360,0
LF:77
LH:0
BRDA:144,0,0,0
BRDA:144,0,1,0
BRDA:145,1,0,0
BRDA:145,1,1,0
BRDA:151,2,0,0
BRDA:151,2,1,0
BRDA:154,3,0,0
BRDA:154,3,1,0
BRDA:155,4,0,0
BRDA:155,4,1,0
BRDA:156,5,0,0
BRDA:156,5,1,0
BRDA:157,6,0,0
BRDA:157,6,1,0
BRDA:158,7,0,0
BRDA:158,7,1,0
BRDA:159,8,0,0
BRDA:159,8,1,0
BRDA:162,9,0,0
BRDA:162,9,1,0
BRDA:163,10,0,0
BRDA:163,10,1,0
BRDA:164,11,0,0
BRDA:164,11,1,0
BRDA:165,12,0,0
BRDA:165,12,1,0
BRDA:168,13,0,0
BRDA:168,13,1,0
BRDA:169,14,0,0
BRDA:169,14,1,0
BRDA:170,15,0,0
BRDA:170,15,1,0
BRDA:171,16,0,0
BRDA:171,16,1,0
BRDA:172,17,0,0
BRDA:172,17,1,0
BRDA:176,18,0,0
BRDA:176,18,1,0
BRDA:182,19,0,0
BRDA:182,19,1,0
BRDA:183,20,0,0
BRDA:183,20,1,0
BRDA:184,21,0,0
BRDA:184,21,1,0
BRDA:185,22,0,0
BRDA:185,22,1,0
BRDA:186,23,0,0
BRDA:186,23,1,0
BRDA:187,24,0,0
BRDA:187,24,1,0
BRDA:188,25,0,0
BRDA:188,25,1,0
BRDA:189,26,0,0
BRDA:189,26,1,0
BRDA:190,27,0,0
BRDA:190,27,1,0
BRDA:191,28,0,0
BRDA:191,28,1,0
BRDA:192,29,0,0
BRDA:192,29,1,0
BRDA:193,30,0,0
BRDA:193,30,1,0
BRDA:194,31,0,0
BRDA:194,31,1,0
BRDA:195,32,0,0
BRDA:195,32,1,0
BRDA:196,33,0,0
BRDA:196,33,1,0
BRDA:197,34,0,0
BRDA:197,34,1,0
BRDA:198,35,0,0
BRDA:198,35,1,0
BRDA:199,36,0,0
BRDA:199,36,1,0
BRDA:200,37,0,0
BRDA:200,37,1,0
BRDA:204,38,0,0
BRDA:204,38,1,0
BRDA:206,39,0,0
BRDA:206,39,1,0
BRDA:207,40,0,0
BRDA:207,40,1,0
BRDA:208,41,0,0
BRDA:208,41,1,0
BRDA:209,42,0,0
BRDA:209,42,1,0
BRDA:213,43,0,0
BRDA:213,43,1,0
BRDA:215,44,0,0
BRDA:215,44,1,0
BRDA:216,45,0,0
BRDA:216,45,1,0
BRDA:217,46,0,0
BRDA:217,46,1,0
BRDA:218,47,0,0
BRDA:218,47,1,0
BRDA:221,48,0,0
BRDA:221,48,1,0
BRDA:242,49,0,0
BRDA:242,49,1,0
BRDA:246,50,0,0
BRDA:246,50,1,0
BRDA:248,51,0,0
BRDA:248,51,1,0
BRDA:249,52,0,0
BRDA:249,52,1,0
BRDA:250,53,0,0
BRDA:250,53,1,0
BRDA:287,54,0,0
BRDA:287,54,1,0
BRDA:297,55,0,0
BRDA:297,55,1,0
BRDA:298,56,0,0
BRDA:298,56,1,0
BRDA:299,57,0,0
BRDA:299,57,1,0
BRDA:300,58,0,0
BRDA:300,58,1,0
BRDA:301,59,0,0
BRDA:301,59,1,0
BRDA:302,60,0,0
BRDA:302,60,1,0
BRDA:303,61,0,0
BRDA:303,61,1,0
BRDA:304,62,0,0
BRDA:304,62,1,0
BRDA:305,63,0,0
BRDA:305,63,1,0
BRDA:306,64,0,0
BRDA:306,64,1,0
BRDA:307,65,0,0
BRDA:307,65,1,0
BRDA:308,66,0,0
BRDA:308,66,1,0
BRDA:309,67,0,0
BRDA:309,67,1,0
BRDA:310,68,0,0
BRDA:310,68,1,0
BRDA:311,69,0,0
BRDA:311,69,1,0
BRDA:312,70,0,0
BRDA:312,70,1,0
BRDA:313,71,0,0
BRDA:313,71,1,0
BRDA:314,72,0,0
BRDA:314,72,1,0
BRDA:347,73,0,0
BRDA:347,73,1,0
BRDA:348,74,0,0
BRDA:348,74,1,0
BRF:150
BRH:0
end_of_record
TN:
SF:src/services/report/helpers/rob-calculator.ts
FN:39,hasAllDepartureInitialRobs
FN:52,(anonymous_1)
FN:96,(anonymous_2)
FNF:3
FNH:0
FNDA:0,hasAllDepartureInitialRobs
FNDA:0,(anonymous_1)
FNDA:0,(anonymous_2)
DA:9,0
DA:40,0
DA:48,0
DA:58,0
DA:60,0
DA:65,0
DA:66,0
DA:67,0
DA:68,0
DA:69,0
DA:70,0
DA:71,0
DA:72,0
DA:73,0
DA:74,0
DA:75,0
DA:76,0
DA:80,0
DA:82,0
DA:83,0
DA:84,0
DA:85,0
DA:86,0
DA:89,0
DA:97,0
DA:98,0
DA:101,0
DA:109,0
DA:122,0
DA:124,0
DA:126,0
DA:127,0
DA:129,0
DA:130,0
DA:132,0
DA:133,0
DA:143,0
DA:147,0
DA:150,0
DA:151,0
DA:153,0
DA:154,0
DA:156,0
LF:43
LH:0
BRDA:40,0,0,0
BRDA:40,0,1,0
BRDA:40,0,2,0
BRDA:40,0,3,0
BRDA:40,0,4,0
BRDA:40,0,5,0
BRDA:40,0,6,0
BRDA:40,0,7,0
BRDA:40,0,8,0
BRDA:40,0,9,0
BRDA:60,1,0,0
BRDA:60,1,1,0
BRDA:65,2,0,0
BRDA:65,2,1,0
BRDA:66,3,0,0
BRDA:66,3,1,0
BRDA:67,4,0,0
BRDA:67,4,1,0
BRDA:68,5,0,0
BRDA:68,5,1,0
BRDA:69,6,0,0
BRDA:69,6,1,0
BRDA:70,7,0,0
BRDA:70,7,1,0
BRDA:71,8,0,0
BRDA:71,8,1,0
BRDA:72,9,0,0
BRDA:72,9,1,0
BRDA:73,10,0,0
BRDA:73,10,1,0
BRDA:74,11,0,0
BRDA:74,11,1,0
BRDA:75,12,0,0
BRDA:75,12,1,0
BRDA:76,13,0,0
BRDA:76,13,1,0
BRDA:80,14,0,0
BRDA:80,14,1,0
BRDA:82,15,0,0
BRDA:82,15,1,0
BRDA:82,16,0,0
BRDA:82,16,1,0
BRDA:83,17,0,0
BRDA:83,17,1,0
BRDA:83,18,0,0
BRDA:83,18,1,0
BRDA:84,19,0,0
BRDA:84,19,1,0
BRDA:84,20,0,0
BRDA:84,20,1,0
BRDA:85,21,0,0
BRDA:85,21,1,0
BRDA:85,22,0,0
BRDA:85,22,1,0
BRDA:86,23,0,0
BRDA:86,23,1,0
BRDA:86,24,0,0
BRDA:86,24,1,0
BRDA:97,25,0,0
BRDA:97,25,1,0
BRDA:126,26,0,0
BRDA:126,26,1,0
BRDA:127,27,0,0
BRDA:127,27,1,0
BRDA:129,28,0,0
BRDA:129,28,1,0
BRDA:134,29,0,0
BRDA:134,29,1,0
BRDA:135,30,0,0
BRDA:135,30,1,0
BRDA:136,31,0,0
BRDA:136,31,1,0
BRDA:137,32,0,0
BRDA:137,32,1,0
BRDA:138,33,0,0
BRDA:138,33,1,0
BRF:76
BRH:0
end_of_record
TN:
SF:src/services/report/helpers/validation-orchestrator.ts
FN:34,(anonymous_1)
FN:44,(anonymous_2)
FN:56,(anonymous_3)
FN:123,(anonymous_4)
FN:171,(anonymous_5)
FN:215,(anonymous_6)
FN:247,(anonymous_7)
FN:270,(anonymous_8)
FN:302,(anonymous_9)
FN:304,(anonymous_10)
FN:305,(anonymous_11)
FN:309,(anonymous_12)
FN:310,(anonymous_13)
FN:315,(anonymous_14)
FN:334,(anonymous_15)
FNF:15
FNH:0
FNDA:0,(anonymous_1)
FNDA:0,(anonymous_2)
FNDA:0,(anonymous_3)
FNDA:0,(anonymous_4)
FNDA:0,(anonymous_5)
FNDA:0,(anonymous_6)
FNDA:0,(anonymous_7)
FNDA:0,(anonymous_8)
FNDA:0,(anonymous_9)
FNDA:0,(anonymous_10)
FNDA:0,(anonymous_11)
FNDA:0,(anonymous_12)
FNDA:0,(anonymous_13)
FNDA:0,(anonymous_14)
FNDA:0,(anonymous_15)
DA:2,0
DA:16,0
DA:17,0
DA:29,0
DA:35,0
DA:36,0
DA:45,0
DA:46,0
DA:64,0
DA:65,0
DA:66,0
DA:68,0
DA:70,0
DA:71,0
DA:73,0
DA:75,0
DA:76,0
DA:78,0
DA:80,0
DA:81,0
DA:83,0
DA:85,0
DA:86,0
DA:88,0
DA:90,0
DA:91,0
DA:93,0
DA:95,0
DA:96,0
DA:100,0
DA:102,0
DA:103,0
DA:105,0
DA:106,0
DA:108,0
DA:109,0
DA:111,0
DA:112,0
DA:114,0
DA:115,0
DA:117,0
DA:124,0
DA:130,0
DA:132,0
DA:138,0
DA:139,0
DA:143,0
DA:160,0
DA:161,0
DA:162,0
DA:163,0
DA:165,0
DA:166,0
DA:168,0
DA:172,0
DA:173,0
DA:175,0
DA:176,0
DA:177,0
DA:180,0
DA:181,0
DA:184,0
DA:188,0
DA:190,0
DA:191,0
DA:195,0
DA:197,0
DA:198,0
DA:202,0
DA:205,0
DA:206,0
DA:207,0
DA:209,0
DA:210,0
DA:212,0
DA:216,0
DA:227,0
DA:228,0
DA:229,0
DA:231,0
DA:232,0
DA:234,0
DA:235,0
DA:237,0
DA:238,0
DA:239,0
DA:241,0
DA:242,0
DA:244,0
DA:248,0
DA:253,0
DA:254,0
DA:255,0
DA:256,0
DA:257,0
DA:260,0
DA:261,0
DA:263,0
DA:264,0
DA:267,0
DA:271,0
DA:285,0
DA:286,0
DA:287,0
DA:288,0
DA:290,0
DA:291,0
DA:293,0
DA:294,0
DA:296,0
DA:297,0
DA:299,0
DA:303,0
DA:304,0
DA:305,0
DA:306,0
DA:308,0
DA:309,0
DA:310,0
DA:311,0
DA:321,0
DA:322,0
DA:323,0
DA:324,0
DA:326,0
DA:327,0
DA:329,0
DA:335,0
DA:336,0
DA:338,0
DA:339,0
DA:341,0
DA:342,0
LF:133
LH:0
BRDA:34,0,0,0
BRDA:35,1,0,0
BRDA:35,1,1,0
BRDA:44,2,0,0
BRDA:45,3,0,0
BRDA:45,3,1,0
BRDA:60,4,0,0
BRDA:64,5,0,0
BRDA:64,5,1,0
BRDA:64,6,0,0
BRDA:64,6,1,0
BRDA:68,7,0,0
BRDA:68,7,1,0
BRDA:68,7,2,0
BRDA:68,7,3,0
BRDA:68,7,4,0
BRDA:70,8,0,0
BRDA:70,8,1,0
BRDA:70,9,0,0
BRDA:70,9,1,0
BRDA:75,10,0,0
BRDA:75,10,1,0
BRDA:75,11,0,0
BRDA:75,11,1,0
BRDA:80,12,0,0
BRDA:80,12,1,0
BRDA:80,13,0,0
BRDA:80,13,1,0
BRDA:85,14,0,0
BRDA:85,14,1,0
BRDA:85,15,0,0
BRDA:85,15,1,0
BRDA:90,16,0,0
BRDA:90,16,1,0
BRDA:95,17,0,0
BRDA:95,17,1,0
BRDA:95,18,0,0
BRDA:95,18,1,0
BRDA:100,19,0,0
BRDA:100,19,1,0
BRDA:100,19,2,0
BRDA:100,19,3,0
BRDA:100,19,4,0
BRDA:100,19,5,0
BRDA:130,20,0,0
BRDA:130,20,1,0
BRDA:132,21,0,0
BRDA:132,21,1,0
BRDA:132,21,2,0
BRDA:132,21,3,0
BRDA:132,21,4,0
BRDA:132,21,5,0
BRDA:132,21,6,0
BRDA:132,21,7,0
BRDA:132,21,8,0
BRDA:132,21,9,0
BRDA:138,22,0,0
BRDA:138,22,1,0
BRDA:162,23,0,0
BRDA:162,23,1,0
BRDA:162,24,0,0
BRDA:162,24,1,0
BRDA:162,24,2,0
BRDA:165,25,0,0
BRDA:165,25,1,0
BRDA:165,26,0,0
BRDA:165,26,1,0
BRDA:165,26,2,0
BRDA:172,27,0,0
BRDA:172,27,1,0
BRDA:172,28,0,0
BRDA:172,28,1,0
BRDA:172,28,2,0
BRDA:175,29,0,0
BRDA:175,29,1,0
BRDA:176,30,0,0
BRDA:176,30,1,0
BRDA:176,31,0,0
BRDA:176,31,1,0
BRDA:177,32,0,0
BRDA:177,32,1,0
BRDA:180,33,0,0
BRDA:180,33,1,0
BRDA:181,34,0,0
BRDA:181,34,1,0
BRDA:184,35,0,0
BRDA:184,35,1,0
BRDA:184,36,0,0
BRDA:184,36,1,0
BRDA:184,36,2,0
BRDA:184,36,3,0
BRDA:184,36,4,0
BRDA:184,36,5,0
BRDA:184,36,6,0
BRDA:184,36,7,0
BRDA:184,36,8,0
BRDA:184,36,9,0
BRDA:184,36,10,0
BRDA:190,37,0,0
BRDA:190,37,1,0
BRDA:191,38,0,0
BRDA:191,38,1,0
BRDA:191,39,0,0
BRDA:191,39,1,0
BRDA:191,39,2,0
BRDA:191,39,3,0
BRDA:191,39,4,0
BRDA:191,39,5,0
BRDA:191,39,6,0
BRDA:191,39,7,0
BRDA:191,39,8,0
BRDA:197,40,0,0
BRDA:197,40,1,0
BRDA:198,41,0,0
BRDA:198,41,1,0
BRDA:198,42,0,0
BRDA:198,42,1,0
BRDA:198,42,2,0
BRDA:198,42,3,0
BRDA:198,42,4,0
BRDA:198,42,5,0
BRDA:198,42,6,0
BRDA:198,42,7,0
BRDA:198,42,8,0
BRDA:206,43,0,0
BRDA:206,43,1,0
BRDA:209,44,0,0
BRDA:209,44,1,0
BRDA:228,45,0,0
BRDA:228,45,1,0
BRDA:231,46,0,0
BRDA:231,46,1,0
BRDA:234,47,0,0
BRDA:234,47,1,0
BRDA:238,48,0,0
BRDA:238,48,1,0
BRDA:238,49,0,0
BRDA:238,49,1,0
BRDA:238,49,2,0
BRDA:241,50,0,0
BRDA:241,50,1,0
BRDA:241,51,0,0
BRDA:241,51,1,0
BRDA:241,51,2,0
BRDA:256,52,0,0
BRDA:256,52,1,0
BRDA:260,53,0,0
BRDA:260,53,1,0
BRDA:260,54,0,0
BRDA:260,54,1,0
BRDA:260,54,2,0
BRDA:263,55,0,0
BRDA:263,55,1,0
BRDA:263,56,0,0
BRDA:263,56,1,0
BRDA:263,56,2,0
BRDA:287,57,0,0
BRDA:287,57,1,0
BRDA:290,58,0,0
BRDA:290,58,1,0
BRDA:290,59,0,0
BRDA:290,59,1,0
BRDA:293,60,0,0
BRDA:293,60,1,0
BRDA:293,61,0,0
BRDA:293,61,1,0
BRDA:293,61,2,0
BRDA:296,62,0,0
BRDA:296,62,1,0
BRDA:296,63,0,0
BRDA:296,63,1,0
BRDA:296,63,2,0
BRDA:304,64,0,0
BRDA:304,64,1,0
BRDA:305,65,0,0
BRDA:305,65,1,0
BRDA:309,66,0,0
BRDA:309,66,1,0
BRDA:310,67,0,0
BRDA:310,67,1,0
BRDA:319,68,0,0
BRDA:323,69,0,0
BRDA:323,69,1,0
BRDA:323,70,0,0
BRDA:323,70,1,0
BRDA:323,70,2,0
BRDA:323,70,3,0
BRDA:324,71,0,0
BRDA:324,71,1,0
BRDA:324,72,0,0
BRDA:324,72,1,0
BRDA:326,73,0,0
BRDA:326,73,1,0
BRDA:326,74,0,0
BRDA:326,74,1,0
BRDA:326,74,2,0
BRDA:326,74,3,0
BRDA:326,74,4,0
BRDA:326,74,5,0
BRDA:335,75,0,0
BRDA:335,75,1,0
BRDA:335,76,0,0
BRDA:335,76,1,0
BRDA:335,76,2,0
BRDA:335,76,3,0
BRDA:338,77,0,0
BRDA:338,77,1,0
BRDA:338,78,0,0
BRDA:338,78,1,0
BRDA:338,78,2,0
BRDA:338,78,3,0
BRDA:341,79,0,0
BRDA:341,79,1,0
BRDA:341,80,0,0
BRDA:341,80,1,0
BRDA:341,80,2,0
BRDA:341,80,3,0
BRF:217
BRH:0
end_of_record
